2020-10-08 21:41:27:  【10/07】顯示要調用對方的 API URL:
2020-10-08 21:41:27:  开始执行jobDLL 名称 DreamTek.ExternalService.dll   AS/RS接口 类名称:DreamTek.ExternalService.NuoXin.SendASRSCommand  方法名称:Send
2020-10-08 21:41:27:  执行失败jobDLL 名称 DreamTek.ExternalService.dll     AS/RS接口 类名称:DreamTek.ExternalService.NuoXin.SendASRSCommand  方法名称:Send
2020-10-08 21:41:27:  System.Reflection.TargetInvocationException: 调用的目标发生了异常。 ---> System.IO.FileLoadException: 未能加载文件或程序集“Newtonsoft.Json, Version=6.0.0.0, Culture=neutral, PublicKeyToken=30ad4fe6b2a6aeed”或它的某一个依赖项。找到的程序集清单定义与程序集引用不匹配。 (异常来自 HRESULT:0x80131040) ---> System.IO.FileLoadException: 未能加载文件或程序集“Newtonsoft.Json, Version=4.5.0.0, Culture=neutral, PublicKeyToken=30ad4fe6b2a6aeed”或它的某一个依赖项。找到的程序集清单定义与程序集引用不匹配。 (异常来自 HRESULT:0x80131040)
   --- 内部异常堆栈跟踪的结尾 ---
   在 DreamTek.ExternalService.NuoXin.SendASRSCommand.Send()
   --- 内部异常堆栈跟踪的结尾 ---
   在 System.RuntimeMethodHandle.InvokeMethod(Object target, Object[] arguments, Signature sig, Boolean constructor)
   在 System.Reflection.RuntimeMethodInfo.UnsafeInvokeInternal(Object obj, Object[] parameters, Object[] arguments)
   在 System.Reflection.RuntimeMethodInfo.Invoke(Object obj, BindingFlags invokeAttr, Binder binder, Object[] parameters, CultureInfo culture)
   在 System.Reflection.MethodBase.Invoke(Object obj, Object[] parameters)
   在 DreamTek.WinService.NCSService.doProcess() 位置 C:\2020\projects\TAIWAY\0915\branches\Web\DreamTek.WinService\NCSService.cs:行号 157
2020-10-08 21:41:37:  【10/07】顯示要調用對方的 API URL:
2020-10-08 21:41:37:  开始执行jobDLL 名称 DreamTek.ExternalService.dll   AS/RS接口 类名称:DreamTek.ExternalService.NuoXin.SendASRSCommand  方法名称:Send
2020-10-08 21:41:37:  执行失败jobDLL 名称 DreamTek.ExternalService.dll     AS/RS接口 类名称:DreamTek.ExternalService.NuoXin.SendASRSCommand  方法名称:Send
2020-10-08 21:41:37:  System.Reflection.TargetInvocationException: 调用的目标发生了异常。 ---> System.IO.FileLoadException: 未能加载文件或程序集“Newtonsoft.Json, Version=6.0.0.0, Culture=neutral, PublicKeyToken=30ad4fe6b2a6aeed”或它的某一个依赖项。找到的程序集清单定义与程序集引用不匹配。 (异常来自 HRESULT:0x80131040) ---> System.IO.FileLoadException: 未能加载文件或程序集“Newtonsoft.Json, Version=4.5.0.0, Culture=neutral, PublicKeyToken=30ad4fe6b2a6aeed”或它的某一个依赖项。找到的程序集清单定义与程序集引用不匹配。 (异常来自 HRESULT:0x80131040)
   --- 内部异常堆栈跟踪的结尾 ---
   在 DreamTek.ExternalService.NuoXin.SendASRSCommand.Send()
   --- 内部异常堆栈跟踪的结尾 ---
   在 System.RuntimeMethodHandle.InvokeMethod(Object target, Object[] arguments, Signature sig, Boolean constructor)
   在 System.Reflection.RuntimeMethodInfo.UnsafeInvokeInternal(Object obj, Object[] parameters, Object[] arguments)
   在 System.Reflection.RuntimeMethodInfo.Invoke(Object obj, BindingFlags invokeAttr, Binder binder, Object[] parameters, CultureInfo culture)
   在 System.Reflection.MethodBase.Invoke(Object obj, Object[] parameters)
   在 DreamTek.WinService.NCSService.doProcess() 位置 C:\2020\projects\TAIWAY\0915\branches\Web\DreamTek.WinService\NCSService.cs:行号 157
2020-10-08 21:41:47:  【10/07】顯示要調用對方的 API URL:
2020-10-08 21:41:47:  开始执行jobDLL 名称 DreamTek.ExternalService.dll   AS/RS接口 类名称:DreamTek.ExternalService.NuoXin.SendASRSCommand  方法名称:Send
2020-10-08 21:41:47:  执行失败jobDLL 名称 DreamTek.ExternalService.dll     AS/RS接口 类名称:DreamTek.ExternalService.NuoXin.SendASRSCommand  方法名称:Send
2020-10-08 21:41:47:  System.Reflection.TargetInvocationException: 调用的目标发生了异常。 ---> System.IO.FileLoadException: 未能加载文件或程序集“Newtonsoft.Json, Version=6.0.0.0, Culture=neutral, PublicKeyToken=30ad4fe6b2a6aeed”或它的某一个依赖项。找到的程序集清单定义与程序集引用不匹配。 (异常来自 HRESULT:0x80131040) ---> System.IO.FileLoadException: 未能加载文件或程序集“Newtonsoft.Json, Version=4.5.0.0, Culture=neutral, PublicKeyToken=30ad4fe6b2a6aeed”或它的某一个依赖项。找到的程序集清单定义与程序集引用不匹配。 (异常来自 HRESULT:0x80131040)
   --- 内部异常堆栈跟踪的结尾 ---
   在 DreamTek.ExternalService.NuoXin.SendASRSCommand.Send()
   --- 内部异常堆栈跟踪的结尾 ---
   在 System.RuntimeMethodHandle.InvokeMethod(Object target, Object[] arguments, Signature sig, Boolean constructor)
   在 System.Reflection.RuntimeMethodInfo.UnsafeInvokeInternal(Object obj, Object[] parameters, Object[] arguments)
   在 System.Reflection.RuntimeMethodInfo.Invoke(Object obj, BindingFlags invokeAttr, Binder binder, Object[] parameters, CultureInfo culture)
   在 System.Reflection.MethodBase.Invoke(Object obj, Object[] parameters)
   在 DreamTek.WinService.NCSService.doProcess() 位置 C:\2020\projects\TAIWAY\0915\branches\Web\DreamTek.WinService\NCSService.cs:行号 157
2020-10-08 21:41:57:  【10/07】顯示要調用對方的 API URL:
2020-10-08 21:41:57:  开始执行jobDLL 名称 DreamTek.ExternalService.dll   AS/RS接口 类名称:DreamTek.ExternalService.NuoXin.SendASRSCommand  方法名称:Send
2020-10-08 21:41:57:  执行失败jobDLL 名称 DreamTek.ExternalService.dll     AS/RS接口 类名称:DreamTek.ExternalService.NuoXin.SendASRSCommand  方法名称:Send
2020-10-08 21:41:57:  System.Reflection.TargetInvocationException: 调用的目标发生了异常。 ---> System.IO.FileLoadException: 未能加载文件或程序集“Newtonsoft.Json, Version=6.0.0.0, Culture=neutral, PublicKeyToken=30ad4fe6b2a6aeed”或它的某一个依赖项。找到的程序集清单定义与程序集引用不匹配。 (异常来自 HRESULT:0x80131040) ---> System.IO.FileLoadException: 未能加载文件或程序集“Newtonsoft.Json, Version=4.5.0.0, Culture=neutral, PublicKeyToken=30ad4fe6b2a6aeed”或它的某一个依赖项。找到的程序集清单定义与程序集引用不匹配。 (异常来自 HRESULT:0x80131040)
   --- 内部异常堆栈跟踪的结尾 ---
   在 DreamTek.ExternalService.NuoXin.SendASRSCommand.Send()
   --- 内部异常堆栈跟踪的结尾 ---
   在 System.RuntimeMethodHandle.InvokeMethod(Object target, Object[] arguments, Signature sig, Boolean constructor)
   在 System.Reflection.RuntimeMethodInfo.UnsafeInvokeInternal(Object obj, Object[] parameters, Object[] arguments)
   在 System.Reflection.RuntimeMethodInfo.Invoke(Object obj, BindingFlags invokeAttr, Binder binder, Object[] parameters, CultureInfo culture)
   在 System.Reflection.MethodBase.Invoke(Object obj, Object[] parameters)
   在 DreamTek.WinService.NCSService.doProcess() 位置 C:\2020\projects\TAIWAY\0915\branches\Web\DreamTek.WinService\NCSService.cs:行号 157
2020-10-08 21:42:07:  【10/07】顯示要調用對方的 API URL:
2020-10-08 21:42:07:  开始执行jobDLL 名称 DreamTek.ExternalService.dll   AS/RS接口 类名称:DreamTek.ExternalService.NuoXin.SendASRSCommand  方法名称:Send
2020-10-08 21:42:07:  执行失败jobDLL 名称 DreamTek.ExternalService.dll     AS/RS接口 类名称:DreamTek.ExternalService.NuoXin.SendASRSCommand  方法名称:Send
2020-10-08 21:42:07:  System.Reflection.TargetInvocationException: 调用的目标发生了异常。 ---> System.IO.FileLoadException: 未能加载文件或程序集“Newtonsoft.Json, Version=6.0.0.0, Culture=neutral, PublicKeyToken=30ad4fe6b2a6aeed”或它的某一个依赖项。找到的程序集清单定义与程序集引用不匹配。 (异常来自 HRESULT:0x80131040) ---> System.IO.FileLoadException: 未能加载文件或程序集“Newtonsoft.Json, Version=4.5.0.0, Culture=neutral, PublicKeyToken=30ad4fe6b2a6aeed”或它的某一个依赖项。找到的程序集清单定义与程序集引用不匹配。 (异常来自 HRESULT:0x80131040)
   --- 内部异常堆栈跟踪的结尾 ---
   在 DreamTek.ExternalService.NuoXin.SendASRSCommand.Send()
   --- 内部异常堆栈跟踪的结尾 ---
   在 System.RuntimeMethodHandle.InvokeMethod(Object target, Object[] arguments, Signature sig, Boolean constructor)
   在 System.Reflection.RuntimeMethodInfo.UnsafeInvokeInternal(Object obj, Object[] parameters, Object[] arguments)
   在 System.Reflection.RuntimeMethodInfo.Invoke(Object obj, BindingFlags invokeAttr, Binder binder, Object[] parameters, CultureInfo culture)
   在 System.Reflection.MethodBase.Invoke(Object obj, Object[] parameters)
   在 DreamTek.WinService.NCSService.doProcess() 位置 C:\2020\projects\TAIWAY\0915\branches\Web\DreamTek.WinService\NCSService.cs:行号 157
2020-10-08 21:42:17:  【10/07】顯示要調用對方的 API URL:
2020-10-08 21:42:17:  开始执行jobDLL 名称 DreamTek.ExternalService.dll   AS/RS接口 类名称:DreamTek.ExternalService.NuoXin.SendASRSCommand  方法名称:Send
2020-10-08 21:42:17:  执行失败jobDLL 名称 DreamTek.ExternalService.dll     AS/RS接口 类名称:DreamTek.ExternalService.NuoXin.SendASRSCommand  方法名称:Send
2020-10-08 21:42:17:  System.Reflection.TargetInvocationException: 调用的目标发生了异常。 ---> System.IO.FileLoadException: 未能加载文件或程序集“Newtonsoft.Json, Version=6.0.0.0, Culture=neutral, PublicKeyToken=30ad4fe6b2a6aeed”或它的某一个依赖项。找到的程序集清单定义与程序集引用不匹配。 (异常来自 HRESULT:0x80131040) ---> System.IO.FileLoadException: 未能加载文件或程序集“Newtonsoft.Json, Version=4.5.0.0, Culture=neutral, PublicKeyToken=30ad4fe6b2a6aeed”或它的某一个依赖项。找到的程序集清单定义与程序集引用不匹配。 (异常来自 HRESULT:0x80131040)
   --- 内部异常堆栈跟踪的结尾 ---
   在 DreamTek.ExternalService.NuoXin.SendASRSCommand.Send()
   --- 内部异常堆栈跟踪的结尾 ---
   在 System.RuntimeMethodHandle.InvokeMethod(Object target, Object[] arguments, Signature sig, Boolean constructor)
   在 System.Reflection.RuntimeMethodInfo.UnsafeInvokeInternal(Object obj, Object[] parameters, Object[] arguments)
   在 System.Reflection.RuntimeMethodInfo.Invoke(Object obj, BindingFlags invokeAttr, Binder binder, Object[] parameters, CultureInfo culture)
   在 System.Reflection.MethodBase.Invoke(Object obj, Object[] parameters)
   在 DreamTek.WinService.NCSService.doProcess() 位置 C:\2020\projects\TAIWAY\0915\branches\Web\DreamTek.WinService\NCSService.cs:行号 157
2020-10-08 21:42:27:  【10/07】顯示要調用對方的 API URL:
2020-10-08 21:42:27:  开始执行jobDLL 名称 DreamTek.ExternalService.dll   AS/RS接口 类名称:DreamTek.ExternalService.NuoXin.SendASRSCommand  方法名称:Send
2020-10-08 21:42:27:  执行失败jobDLL 名称 DreamTek.ExternalService.dll     AS/RS接口 类名称:DreamTek.ExternalService.NuoXin.SendASRSCommand  方法名称:Send
2020-10-08 21:42:27:  System.Reflection.TargetInvocationException: 调用的目标发生了异常。 ---> System.IO.FileLoadException: 未能加载文件或程序集“Newtonsoft.Json, Version=6.0.0.0, Culture=neutral, PublicKeyToken=30ad4fe6b2a6aeed”或它的某一个依赖项。找到的程序集清单定义与程序集引用不匹配。 (异常来自 HRESULT:0x80131040) ---> System.IO.FileLoadException: 未能加载文件或程序集“Newtonsoft.Json, Version=4.5.0.0, Culture=neutral, PublicKeyToken=30ad4fe6b2a6aeed”或它的某一个依赖项。找到的程序集清单定义与程序集引用不匹配。 (异常来自 HRESULT:0x80131040)
   --- 内部异常堆栈跟踪的结尾 ---
   在 DreamTek.ExternalService.NuoXin.SendASRSCommand.Send()
   --- 内部异常堆栈跟踪的结尾 ---
   在 System.RuntimeMethodHandle.InvokeMethod(Object target, Object[] arguments, Signature sig, Boolean constructor)
   在 System.Reflection.RuntimeMethodInfo.UnsafeInvokeInternal(Object obj, Object[] parameters, Object[] arguments)
   在 System.Reflection.RuntimeMethodInfo.Invoke(Object obj, BindingFlags invokeAttr, Binder binder, Object[] parameters, CultureInfo culture)
   在 System.Reflection.MethodBase.Invoke(Object obj, Object[] parameters)
   在 DreamTek.WinService.NCSService.doProcess() 位置 C:\2020\projects\TAIWAY\0915\branches\Web\DreamTek.WinService\NCSService.cs:行号 157
2020-10-08 21:42:37:  【10/07】顯示要調用對方的 API URL:
2020-10-08 21:42:37:  开始执行jobDLL 名称 DreamTek.ExternalService.dll   AS/RS接口 类名称:DreamTek.ExternalService.NuoXin.SendASRSCommand  方法名称:Send
2020-10-08 21:42:37:  执行失败jobDLL 名称 DreamTek.ExternalService.dll     AS/RS接口 类名称:DreamTek.ExternalService.NuoXin.SendASRSCommand  方法名称:Send
2020-10-08 21:42:37:  System.Reflection.TargetInvocationException: 调用的目标发生了异常。 ---> System.IO.FileLoadException: 未能加载文件或程序集“Newtonsoft.Json, Version=6.0.0.0, Culture=neutral, PublicKeyToken=30ad4fe6b2a6aeed”或它的某一个依赖项。找到的程序集清单定义与程序集引用不匹配。 (异常来自 HRESULT:0x80131040) ---> System.IO.FileLoadException: 未能加载文件或程序集“Newtonsoft.Json, Version=4.5.0.0, Culture=neutral, PublicKeyToken=30ad4fe6b2a6aeed”或它的某一个依赖项。找到的程序集清单定义与程序集引用不匹配。 (异常来自 HRESULT:0x80131040)
   --- 内部异常堆栈跟踪的结尾 ---
   在 DreamTek.ExternalService.NuoXin.SendASRSCommand.Send()
   --- 内部异常堆栈跟踪的结尾 ---
   在 System.RuntimeMethodHandle.InvokeMethod(Object target, Object[] arguments, Signature sig, Boolean constructor)
   在 System.Reflection.RuntimeMethodInfo.UnsafeInvokeInternal(Object obj, Object[] parameters, Object[] arguments)
   在 System.Reflection.RuntimeMethodInfo.Invoke(Object obj, BindingFlags invokeAttr, Binder binder, Object[] parameters, CultureInfo culture)
   在 System.Reflection.MethodBase.Invoke(Object obj, Object[] parameters)
   在 DreamTek.WinService.NCSService.doProcess() 位置 C:\2020\projects\TAIWAY\0915\branches\Web\DreamTek.WinService\NCSService.cs:行号 157
2020-10-08 21:42:47:  【10/07】顯示要調用對方的 API URL:
2020-10-08 21:42:47:  开始执行jobDLL 名称 DreamTek.ExternalService.dll   AS/RS接口 类名称:DreamTek.ExternalService.NuoXin.SendASRSCommand  方法名称:Send
2020-10-08 21:42:47:  执行失败jobDLL 名称 DreamTek.ExternalService.dll     AS/RS接口 类名称:DreamTek.ExternalService.NuoXin.SendASRSCommand  方法名称:Send
2020-10-08 21:42:47:  System.Reflection.TargetInvocationException: 调用的目标发生了异常。 ---> System.IO.FileLoadException: 未能加载文件或程序集“Newtonsoft.Json, Version=6.0.0.0, Culture=neutral, PublicKeyToken=30ad4fe6b2a6aeed”或它的某一个依赖项。找到的程序集清单定义与程序集引用不匹配。 (异常来自 HRESULT:0x80131040) ---> System.IO.FileLoadException: 未能加载文件或程序集“Newtonsoft.Json, Version=4.5.0.0, Culture=neutral, PublicKeyToken=30ad4fe6b2a6aeed”或它的某一个依赖项。找到的程序集清单定义与程序集引用不匹配。 (异常来自 HRESULT:0x80131040)
   --- 内部异常堆栈跟踪的结尾 ---
   在 DreamTek.ExternalService.NuoXin.SendASRSCommand.Send()
   --- 内部异常堆栈跟踪的结尾 ---
   在 System.RuntimeMethodHandle.InvokeMethod(Object target, Object[] arguments, Signature sig, Boolean constructor)
   在 System.Reflection.RuntimeMethodInfo.UnsafeInvokeInternal(Object obj, Object[] parameters, Object[] arguments)
   在 System.Reflection.RuntimeMethodInfo.Invoke(Object obj, BindingFlags invokeAttr, Binder binder, Object[] parameters, CultureInfo culture)
   在 System.Reflection.MethodBase.Invoke(Object obj, Object[] parameters)
   在 DreamTek.WinService.NCSService.doProcess() 位置 C:\2020\projects\TAIWAY\0915\branches\Web\DreamTek.WinService\NCSService.cs:行号 157
2020-10-08 21:42:57:  【10/07】顯示要調用對方的 API URL:
2020-10-08 21:42:57:  开始执行jobDLL 名称 DreamTek.ExternalService.dll   AS/RS接口 类名称:DreamTek.ExternalService.NuoXin.SendASRSCommand  方法名称:Send
2020-10-08 21:42:57:  执行失败jobDLL 名称 DreamTek.ExternalService.dll     AS/RS接口 类名称:DreamTek.ExternalService.NuoXin.SendASRSCommand  方法名称:Send
2020-10-08 21:42:57:  System.Reflection.TargetInvocationException: 调用的目标发生了异常。 ---> System.IO.FileLoadException: 未能加载文件或程序集“Newtonsoft.Json, Version=6.0.0.0, Culture=neutral, PublicKeyToken=30ad4fe6b2a6aeed”或它的某一个依赖项。找到的程序集清单定义与程序集引用不匹配。 (异常来自 HRESULT:0x80131040) ---> System.IO.FileLoadException: 未能加载文件或程序集“Newtonsoft.Json, Version=4.5.0.0, Culture=neutral, PublicKeyToken=30ad4fe6b2a6aeed”或它的某一个依赖项。找到的程序集清单定义与程序集引用不匹配。 (异常来自 HRESULT:0x80131040)
   --- 内部异常堆栈跟踪的结尾 ---
   在 DreamTek.ExternalService.NuoXin.SendASRSCommand.Send()
   --- 内部异常堆栈跟踪的结尾 ---
   在 System.RuntimeMethodHandle.InvokeMethod(Object target, Object[] arguments, Signature sig, Boolean constructor)
   在 System.Reflection.RuntimeMethodInfo.UnsafeInvokeInternal(Object obj, Object[] parameters, Object[] arguments)
   在 System.Reflection.RuntimeMethodInfo.Invoke(Object obj, BindingFlags invokeAttr, Binder binder, Object[] parameters, CultureInfo culture)
   在 System.Reflection.MethodBase.Invoke(Object obj, Object[] parameters)
   在 DreamTek.WinService.NCSService.doProcess() 位置 C:\2020\projects\TAIWAY\0915\branches\Web\DreamTek.WinService\NCSService.cs:行号 157
2020-10-08 21:43:07:  【10/07】顯示要調用對方的 API URL:
2020-10-08 21:43:07:  开始执行jobDLL 名称 DreamTek.ExternalService.dll   AS/RS接口 类名称:DreamTek.ExternalService.NuoXin.SendASRSCommand  方法名称:Send
2020-10-08 21:43:07:  执行失败jobDLL 名称 DreamTek.ExternalService.dll     AS/RS接口 类名称:DreamTek.ExternalService.NuoXin.SendASRSCommand  方法名称:Send
2020-10-08 21:43:07:  System.Reflection.TargetInvocationException: 调用的目标发生了异常。 ---> System.IO.FileLoadException: 未能加载文件或程序集“Newtonsoft.Json, Version=6.0.0.0, Culture=neutral, PublicKeyToken=30ad4fe6b2a6aeed”或它的某一个依赖项。找到的程序集清单定义与程序集引用不匹配。 (异常来自 HRESULT:0x80131040) ---> System.IO.FileLoadException: 未能加载文件或程序集“Newtonsoft.Json, Version=4.5.0.0, Culture=neutral, PublicKeyToken=30ad4fe6b2a6aeed”或它的某一个依赖项。找到的程序集清单定义与程序集引用不匹配。 (异常来自 HRESULT:0x80131040)
   --- 内部异常堆栈跟踪的结尾 ---
   在 DreamTek.ExternalService.NuoXin.SendASRSCommand.Send()
   --- 内部异常堆栈跟踪的结尾 ---
   在 System.RuntimeMethodHandle.InvokeMethod(Object target, Object[] arguments, Signature sig, Boolean constructor)
   在 System.Reflection.RuntimeMethodInfo.UnsafeInvokeInternal(Object obj, Object[] parameters, Object[] arguments)
   在 System.Reflection.RuntimeMethodInfo.Invoke(Object obj, BindingFlags invokeAttr, Binder binder, Object[] parameters, CultureInfo culture)
   在 System.Reflection.MethodBase.Invoke(Object obj, Object[] parameters)
   在 DreamTek.WinService.NCSService.doProcess() 位置 C:\2020\projects\TAIWAY\0915\branches\Web\DreamTek.WinService\NCSService.cs:行号 157
2020-10-08 21:43:17:  【10/07】顯示要調用對方的 API URL:
2020-10-08 21:43:17:  开始执行jobDLL 名称 DreamTek.ExternalService.dll   AS/RS接口 类名称:DreamTek.ExternalService.NuoXin.SendASRSCommand  方法名称:Send
2020-10-08 21:43:17:  执行失败jobDLL 名称 DreamTek.ExternalService.dll     AS/RS接口 类名称:DreamTek.ExternalService.NuoXin.SendASRSCommand  方法名称:Send
2020-10-08 21:43:17:  System.Reflection.TargetInvocationException: 调用的目标发生了异常。 ---> System.IO.FileLoadException: 未能加载文件或程序集“Newtonsoft.Json, Version=6.0.0.0, Culture=neutral, PublicKeyToken=30ad4fe6b2a6aeed”或它的某一个依赖项。找到的程序集清单定义与程序集引用不匹配。 (异常来自 HRESULT:0x80131040) ---> System.IO.FileLoadException: 未能加载文件或程序集“Newtonsoft.Json, Version=4.5.0.0, Culture=neutral, PublicKeyToken=30ad4fe6b2a6aeed”或它的某一个依赖项。找到的程序集清单定义与程序集引用不匹配。 (异常来自 HRESULT:0x80131040)
   --- 内部异常堆栈跟踪的结尾 ---
   在 DreamTek.ExternalService.NuoXin.SendASRSCommand.Send()
   --- 内部异常堆栈跟踪的结尾 ---
   在 System.RuntimeMethodHandle.InvokeMethod(Object target, Object[] arguments, Signature sig, Boolean constructor)
   在 System.Reflection.RuntimeMethodInfo.UnsafeInvokeInternal(Object obj, Object[] parameters, Object[] arguments)
   在 System.Reflection.RuntimeMethodInfo.Invoke(Object obj, BindingFlags invokeAttr, Binder binder, Object[] parameters, CultureInfo culture)
   在 System.Reflection.MethodBase.Invoke(Object obj, Object[] parameters)
   在 DreamTek.WinService.NCSService.doProcess() 位置 C:\2020\projects\TAIWAY\0915\branches\Web\DreamTek.WinService\NCSService.cs:行号 157
2020-10-08 21:43:27:  【10/07】顯示要調用對方的 API URL:
2020-10-08 21:43:27:  开始执行jobDLL 名称 DreamTek.ExternalService.dll   AS/RS接口 类名称:DreamTek.ExternalService.NuoXin.SendASRSCommand  方法名称:Send
2020-10-08 21:43:27:  执行失败jobDLL 名称 DreamTek.ExternalService.dll     AS/RS接口 类名称:DreamTek.ExternalService.NuoXin.SendASRSCommand  方法名称:Send
2020-10-08 21:43:27:  System.Reflection.TargetInvocationException: 调用的目标发生了异常。 ---> System.IO.FileLoadException: 未能加载文件或程序集“Newtonsoft.Json, Version=6.0.0.0, Culture=neutral, PublicKeyToken=30ad4fe6b2a6aeed”或它的某一个依赖项。找到的程序集清单定义与程序集引用不匹配。 (异常来自 HRESULT:0x80131040) ---> System.IO.FileLoadException: 未能加载文件或程序集“Newtonsoft.Json, Version=4.5.0.0, Culture=neutral, PublicKeyToken=30ad4fe6b2a6aeed”或它的某一个依赖项。找到的程序集清单定义与程序集引用不匹配。 (异常来自 HRESULT:0x80131040)
   --- 内部异常堆栈跟踪的结尾 ---
   在 DreamTek.ExternalService.NuoXin.SendASRSCommand.Send()
   --- 内部异常堆栈跟踪的结尾 ---
   在 System.RuntimeMethodHandle.InvokeMethod(Object target, Object[] arguments, Signature sig, Boolean constructor)
   在 System.Reflection.RuntimeMethodInfo.UnsafeInvokeInternal(Object obj, Object[] parameters, Object[] arguments)
   在 System.Reflection.RuntimeMethodInfo.Invoke(Object obj, BindingFlags invokeAttr, Binder binder, Object[] parameters, CultureInfo culture)
   在 System.Reflection.MethodBase.Invoke(Object obj, Object[] parameters)
   在 DreamTek.WinService.NCSService.doProcess() 位置 C:\2020\projects\TAIWAY\0915\branches\Web\DreamTek.WinService\NCSService.cs:行号 157
2020-10-08 21:43:37:  【10/07】顯示要調用對方的 API URL:
2020-10-08 21:43:37:  开始执行jobDLL 名称 DreamTek.ExternalService.dll   AS/RS接口 类名称:DreamTek.ExternalService.NuoXin.SendASRSCommand  方法名称:Send
2020-10-08 21:43:37:  执行失败jobDLL 名称 DreamTek.ExternalService.dll     AS/RS接口 类名称:DreamTek.ExternalService.NuoXin.SendASRSCommand  方法名称:Send
2020-10-08 21:43:37:  System.Reflection.TargetInvocationException: 调用的目标发生了异常。 ---> System.IO.FileLoadException: 未能加载文件或程序集“Newtonsoft.Json, Version=6.0.0.0, Culture=neutral, PublicKeyToken=30ad4fe6b2a6aeed”或它的某一个依赖项。找到的程序集清单定义与程序集引用不匹配。 (异常来自 HRESULT:0x80131040) ---> System.IO.FileLoadException: 未能加载文件或程序集“Newtonsoft.Json, Version=4.5.0.0, Culture=neutral, PublicKeyToken=30ad4fe6b2a6aeed”或它的某一个依赖项。找到的程序集清单定义与程序集引用不匹配。 (异常来自 HRESULT:0x80131040)
   --- 内部异常堆栈跟踪的结尾 ---
   在 DreamTek.ExternalService.NuoXin.SendASRSCommand.Send()
   --- 内部异常堆栈跟踪的结尾 ---
   在 System.RuntimeMethodHandle.InvokeMethod(Object target, Object[] arguments, Signature sig, Boolean constructor)
   在 System.Reflection.RuntimeMethodInfo.UnsafeInvokeInternal(Object obj, Object[] parameters, Object[] arguments)
   在 System.Reflection.RuntimeMethodInfo.Invoke(Object obj, BindingFlags invokeAttr, Binder binder, Object[] parameters, CultureInfo culture)
   在 System.Reflection.MethodBase.Invoke(Object obj, Object[] parameters)
   在 DreamTek.WinService.NCSService.doProcess() 位置 C:\2020\projects\TAIWAY\0915\branches\Web\DreamTek.WinService\NCSService.cs:行号 157
2020-10-08 21:43:47:  【10/07】顯示要調用對方的 API URL:
2020-10-08 21:43:47:  开始执行jobDLL 名称 DreamTek.ExternalService.dll   AS/RS接口 类名称:DreamTek.ExternalService.NuoXin.SendASRSCommand  方法名称:Send
2020-10-08 21:43:47:  执行失败jobDLL 名称 DreamTek.ExternalService.dll     AS/RS接口 类名称:DreamTek.ExternalService.NuoXin.SendASRSCommand  方法名称:Send
2020-10-08 21:43:47:  System.Reflection.TargetInvocationException: 调用的目标发生了异常。 ---> System.IO.FileLoadException: 未能加载文件或程序集“Newtonsoft.Json, Version=6.0.0.0, Culture=neutral, PublicKeyToken=30ad4fe6b2a6aeed”或它的某一个依赖项。找到的程序集清单定义与程序集引用不匹配。 (异常来自 HRESULT:0x80131040) ---> System.IO.FileLoadException: 未能加载文件或程序集“Newtonsoft.Json, Version=4.5.0.0, Culture=neutral, PublicKeyToken=30ad4fe6b2a6aeed”或它的某一个依赖项。找到的程序集清单定义与程序集引用不匹配。 (异常来自 HRESULT:0x80131040)
   --- 内部异常堆栈跟踪的结尾 ---
   在 DreamTek.ExternalService.NuoXin.SendASRSCommand.Send()
   --- 内部异常堆栈跟踪的结尾 ---
   在 System.RuntimeMethodHandle.InvokeMethod(Object target, Object[] arguments, Signature sig, Boolean constructor)
   在 System.Reflection.RuntimeMethodInfo.UnsafeInvokeInternal(Object obj, Object[] parameters, Object[] arguments)
   在 System.Reflection.RuntimeMethodInfo.Invoke(Object obj, BindingFlags invokeAttr, Binder binder, Object[] parameters, CultureInfo culture)
   在 System.Reflection.MethodBase.Invoke(Object obj, Object[] parameters)
   在 DreamTek.WinService.NCSService.doProcess() 位置 C:\2020\projects\TAIWAY\0915\branches\Web\DreamTek.WinService\NCSService.cs:行号 157
2020-10-08 21:43:57:  【10/07】顯示要調用對方的 API URL:
2020-10-08 21:43:57:  开始执行jobDLL 名称 DreamTek.ExternalService.dll   AS/RS接口 类名称:DreamTek.ExternalService.NuoXin.SendASRSCommand  方法名称:Send
2020-10-08 21:43:57:  执行失败jobDLL 名称 DreamTek.ExternalService.dll     AS/RS接口 类名称:DreamTek.ExternalService.NuoXin.SendASRSCommand  方法名称:Send
2020-10-08 21:43:57:  System.Reflection.TargetInvocationException: 调用的目标发生了异常。 ---> System.IO.FileLoadException: 未能加载文件或程序集“Newtonsoft.Json, Version=6.0.0.0, Culture=neutral, PublicKeyToken=30ad4fe6b2a6aeed”或它的某一个依赖项。找到的程序集清单定义与程序集引用不匹配。 (异常来自 HRESULT:0x80131040) ---> System.IO.FileLoadException: 未能加载文件或程序集“Newtonsoft.Json, Version=4.5.0.0, Culture=neutral, PublicKeyToken=30ad4fe6b2a6aeed”或它的某一个依赖项。找到的程序集清单定义与程序集引用不匹配。 (异常来自 HRESULT:0x80131040)
   --- 内部异常堆栈跟踪的结尾 ---
   在 DreamTek.ExternalService.NuoXin.SendASRSCommand.Send()
   --- 内部异常堆栈跟踪的结尾 ---
   在 System.RuntimeMethodHandle.InvokeMethod(Object target, Object[] arguments, Signature sig, Boolean constructor)
   在 System.Reflection.RuntimeMethodInfo.UnsafeInvokeInternal(Object obj, Object[] parameters, Object[] arguments)
   在 System.Reflection.RuntimeMethodInfo.Invoke(Object obj, BindingFlags invokeAttr, Binder binder, Object[] parameters, CultureInfo culture)
   在 System.Reflection.MethodBase.Invoke(Object obj, Object[] parameters)
   在 DreamTek.WinService.NCSService.doProcess() 位置 C:\2020\projects\TAIWAY\0915\branches\Web\DreamTek.WinService\NCSService.cs:行号 157
2020-10-08 21:44:07:  【10/07】顯示要調用對方的 API URL:
2020-10-08 21:44:07:  开始执行jobDLL 名称 DreamTek.ExternalService.dll   AS/RS接口 类名称:DreamTek.ExternalService.NuoXin.SendASRSCommand  方法名称:Send
2020-10-08 21:44:07:  执行失败jobDLL 名称 DreamTek.ExternalService.dll     AS/RS接口 类名称:DreamTek.ExternalService.NuoXin.SendASRSCommand  方法名称:Send
2020-10-08 21:44:07:  System.Reflection.TargetInvocationException: 调用的目标发生了异常。 ---> System.IO.FileLoadException: 未能加载文件或程序集“Newtonsoft.Json, Version=6.0.0.0, Culture=neutral, PublicKeyToken=30ad4fe6b2a6aeed”或它的某一个依赖项。找到的程序集清单定义与程序集引用不匹配。 (异常来自 HRESULT:0x80131040) ---> System.IO.FileLoadException: 未能加载文件或程序集“Newtonsoft.Json, Version=4.5.0.0, Culture=neutral, PublicKeyToken=30ad4fe6b2a6aeed”或它的某一个依赖项。找到的程序集清单定义与程序集引用不匹配。 (异常来自 HRESULT:0x80131040)
   --- 内部异常堆栈跟踪的结尾 ---
   在 DreamTek.ExternalService.NuoXin.SendASRSCommand.Send()
   --- 内部异常堆栈跟踪的结尾 ---
   在 System.RuntimeMethodHandle.InvokeMethod(Object target, Object[] arguments, Signature sig, Boolean constructor)
   在 System.Reflection.RuntimeMethodInfo.UnsafeInvokeInternal(Object obj, Object[] parameters, Object[] arguments)
   在 System.Reflection.RuntimeMethodInfo.Invoke(Object obj, BindingFlags invokeAttr, Binder binder, Object[] parameters, CultureInfo culture)
   在 System.Reflection.MethodBase.Invoke(Object obj, Object[] parameters)
   在 DreamTek.WinService.NCSService.doProcess() 位置 C:\2020\projects\TAIWAY\0915\branches\Web\DreamTek.WinService\NCSService.cs:行号 157
2020-10-08 21:44:17:  【10/07】顯示要調用對方的 API URL:
2020-10-08 21:44:17:  开始执行jobDLL 名称 DreamTek.ExternalService.dll   AS/RS接口 类名称:DreamTek.ExternalService.NuoXin.SendASRSCommand  方法名称:Send
2020-10-08 21:44:17:  执行失败jobDLL 名称 DreamTek.ExternalService.dll     AS/RS接口 类名称:DreamTek.ExternalService.NuoXin.SendASRSCommand  方法名称:Send
2020-10-08 21:44:17:  System.Reflection.TargetInvocationException: 调用的目标发生了异常。 ---> System.IO.FileLoadException: 未能加载文件或程序集“Newtonsoft.Json, Version=6.0.0.0, Culture=neutral, PublicKeyToken=30ad4fe6b2a6aeed”或它的某一个依赖项。找到的程序集清单定义与程序集引用不匹配。 (异常来自 HRESULT:0x80131040) ---> System.IO.FileLoadException: 未能加载文件或程序集“Newtonsoft.Json, Version=4.5.0.0, Culture=neutral, PublicKeyToken=30ad4fe6b2a6aeed”或它的某一个依赖项。找到的程序集清单定义与程序集引用不匹配。 (异常来自 HRESULT:0x80131040)
   --- 内部异常堆栈跟踪的结尾 ---
   在 DreamTek.ExternalService.NuoXin.SendASRSCommand.Send()
   --- 内部异常堆栈跟踪的结尾 ---
   在 System.RuntimeMethodHandle.InvokeMethod(Object target, Object[] arguments, Signature sig, Boolean constructor)
   在 System.Reflection.RuntimeMethodInfo.UnsafeInvokeInternal(Object obj, Object[] parameters, Object[] arguments)
   在 System.Reflection.RuntimeMethodInfo.Invoke(Object obj, BindingFlags invokeAttr, Binder binder, Object[] parameters, CultureInfo culture)
   在 System.Reflection.MethodBase.Invoke(Object obj, Object[] parameters)
   在 DreamTek.WinService.NCSService.doProcess() 位置 C:\2020\projects\TAIWAY\0915\branches\Web\DreamTek.WinService\NCSService.cs:行号 157
2020-10-08 21:44:27:  【10/07】顯示要調用對方的 API URL:
2020-10-08 21:44:27:  开始执行jobDLL 名称 DreamTek.ExternalService.dll   AS/RS接口 类名称:DreamTek.ExternalService.NuoXin.SendASRSCommand  方法名称:Send
2020-10-08 21:44:27:  执行失败jobDLL 名称 DreamTek.ExternalService.dll     AS/RS接口 类名称:DreamTek.ExternalService.NuoXin.SendASRSCommand  方法名称:Send
2020-10-08 21:44:27:  System.Reflection.TargetInvocationException: 调用的目标发生了异常。 ---> System.IO.FileLoadException: 未能加载文件或程序集“Newtonsoft.Json, Version=6.0.0.0, Culture=neutral, PublicKeyToken=30ad4fe6b2a6aeed”或它的某一个依赖项。找到的程序集清单定义与程序集引用不匹配。 (异常来自 HRESULT:0x80131040) ---> System.IO.FileLoadException: 未能加载文件或程序集“Newtonsoft.Json, Version=4.5.0.0, Culture=neutral, PublicKeyToken=30ad4fe6b2a6aeed”或它的某一个依赖项。找到的程序集清单定义与程序集引用不匹配。 (异常来自 HRESULT:0x80131040)
   --- 内部异常堆栈跟踪的结尾 ---
   在 DreamTek.ExternalService.NuoXin.SendASRSCommand.Send()
   --- 内部异常堆栈跟踪的结尾 ---
   在 System.RuntimeMethodHandle.InvokeMethod(Object target, Object[] arguments, Signature sig, Boolean constructor)
   在 System.Reflection.RuntimeMethodInfo.UnsafeInvokeInternal(Object obj, Object[] parameters, Object[] arguments)
   在 System.Reflection.RuntimeMethodInfo.Invoke(Object obj, BindingFlags invokeAttr, Binder binder, Object[] parameters, CultureInfo culture)
   在 System.Reflection.MethodBase.Invoke(Object obj, Object[] parameters)
   在 DreamTek.WinService.NCSService.doProcess() 位置 C:\2020\projects\TAIWAY\0915\branches\Web\DreamTek.WinService\NCSService.cs:行号 157
2020-10-08 21:44:37:  【10/07】顯示要調用對方的 API URL:
2020-10-08 21:44:37:  开始执行jobDLL 名称 DreamTek.ExternalService.dll   AS/RS接口 类名称:DreamTek.ExternalService.NuoXin.SendASRSCommand  方法名称:Send
2020-10-08 21:44:37:  执行失败jobDLL 名称 DreamTek.ExternalService.dll     AS/RS接口 类名称:DreamTek.ExternalService.NuoXin.SendASRSCommand  方法名称:Send
2020-10-08 21:44:37:  System.Reflection.TargetInvocationException: 调用的目标发生了异常。 ---> System.IO.FileLoadException: 未能加载文件或程序集“Newtonsoft.Json, Version=6.0.0.0, Culture=neutral, PublicKeyToken=30ad4fe6b2a6aeed”或它的某一个依赖项。找到的程序集清单定义与程序集引用不匹配。 (异常来自 HRESULT:0x80131040) ---> System.IO.FileLoadException: 未能加载文件或程序集“Newtonsoft.Json, Version=4.5.0.0, Culture=neutral, PublicKeyToken=30ad4fe6b2a6aeed”或它的某一个依赖项。找到的程序集清单定义与程序集引用不匹配。 (异常来自 HRESULT:0x80131040)
   --- 内部异常堆栈跟踪的结尾 ---
   在 DreamTek.ExternalService.NuoXin.SendASRSCommand.Send()
   --- 内部异常堆栈跟踪的结尾 ---
   在 System.RuntimeMethodHandle.InvokeMethod(Object target, Object[] arguments, Signature sig, Boolean constructor)
   在 System.Reflection.RuntimeMethodInfo.UnsafeInvokeInternal(Object obj, Object[] parameters, Object[] arguments)
   在 System.Reflection.RuntimeMethodInfo.Invoke(Object obj, BindingFlags invokeAttr, Binder binder, Object[] parameters, CultureInfo culture)
   在 System.Reflection.MethodBase.Invoke(Object obj, Object[] parameters)
   在 DreamTek.WinService.NCSService.doProcess() 位置 C:\2020\projects\TAIWAY\0915\branches\Web\DreamTek.WinService\NCSService.cs:行号 157
2020-10-08 21:44:47:  【10/07】顯示要調用對方的 API URL:
2020-10-08 21:44:47:  开始执行jobDLL 名称 DreamTek.ExternalService.dll   AS/RS接口 类名称:DreamTek.ExternalService.NuoXin.SendASRSCommand  方法名称:Send
2020-10-08 21:44:47:  执行失败jobDLL 名称 DreamTek.ExternalService.dll     AS/RS接口 类名称:DreamTek.ExternalService.NuoXin.SendASRSCommand  方法名称:Send
2020-10-08 21:44:47:  System.Reflection.TargetInvocationException: 调用的目标发生了异常。 ---> System.IO.FileLoadException: 未能加载文件或程序集“Newtonsoft.Json, Version=6.0.0.0, Culture=neutral, PublicKeyToken=30ad4fe6b2a6aeed”或它的某一个依赖项。找到的程序集清单定义与程序集引用不匹配。 (异常来自 HRESULT:0x80131040) ---> System.IO.FileLoadException: 未能加载文件或程序集“Newtonsoft.Json, Version=4.5.0.0, Culture=neutral, PublicKeyToken=30ad4fe6b2a6aeed”或它的某一个依赖项。找到的程序集清单定义与程序集引用不匹配。 (异常来自 HRESULT:0x80131040)
   --- 内部异常堆栈跟踪的结尾 ---
   在 DreamTek.ExternalService.NuoXin.SendASRSCommand.Send()
   --- 内部异常堆栈跟踪的结尾 ---
   在 System.RuntimeMethodHandle.InvokeMethod(Object target, Object[] arguments, Signature sig, Boolean constructor)
   在 System.Reflection.RuntimeMethodInfo.UnsafeInvokeInternal(Object obj, Object[] parameters, Object[] arguments)
   在 System.Reflection.RuntimeMethodInfo.Invoke(Object obj, BindingFlags invokeAttr, Binder binder, Object[] parameters, CultureInfo culture)
   在 System.Reflection.MethodBase.Invoke(Object obj, Object[] parameters)
   在 DreamTek.WinService.NCSService.doProcess() 位置 C:\2020\projects\TAIWAY\0915\branches\Web\DreamTek.WinService\NCSService.cs:行号 157
2020-10-08 21:44:57:  【10/07】顯示要調用對方的 API URL:
2020-10-08 21:44:57:  开始执行jobDLL 名称 DreamTek.ExternalService.dll   AS/RS接口 类名称:DreamTek.ExternalService.NuoXin.SendASRSCommand  方法名称:Send
2020-10-08 21:44:57:  执行失败jobDLL 名称 DreamTek.ExternalService.dll     AS/RS接口 类名称:DreamTek.ExternalService.NuoXin.SendASRSCommand  方法名称:Send
2020-10-08 21:44:57:  System.Reflection.TargetInvocationException: 调用的目标发生了异常。 ---> System.IO.FileLoadException: 未能加载文件或程序集“Newtonsoft.Json, Version=6.0.0.0, Culture=neutral, PublicKeyToken=30ad4fe6b2a6aeed”或它的某一个依赖项。找到的程序集清单定义与程序集引用不匹配。 (异常来自 HRESULT:0x80131040) ---> System.IO.FileLoadException: 未能加载文件或程序集“Newtonsoft.Json, Version=4.5.0.0, Culture=neutral, PublicKeyToken=30ad4fe6b2a6aeed”或它的某一个依赖项。找到的程序集清单定义与程序集引用不匹配。 (异常来自 HRESULT:0x80131040)
   --- 内部异常堆栈跟踪的结尾 ---
   在 DreamTek.ExternalService.NuoXin.SendASRSCommand.Send()
   --- 内部异常堆栈跟踪的结尾 ---
   在 System.RuntimeMethodHandle.InvokeMethod(Object target, Object[] arguments, Signature sig, Boolean constructor)
   在 System.Reflection.RuntimeMethodInfo.UnsafeInvokeInternal(Object obj, Object[] parameters, Object[] arguments)
   在 System.Reflection.RuntimeMethodInfo.Invoke(Object obj, BindingFlags invokeAttr, Binder binder, Object[] parameters, CultureInfo culture)
   在 System.Reflection.MethodBase.Invoke(Object obj, Object[] parameters)
   在 DreamTek.WinService.NCSService.doProcess() 位置 C:\2020\projects\TAIWAY\0915\branches\Web\DreamTek.WinService\NCSService.cs:行号 157
2020-10-08 21:45:07:  【10/07】顯示要調用對方的 API URL:
2020-10-08 21:45:07:  开始执行jobDLL 名称 DreamTek.ExternalService.dll   AS/RS接口 类名称:DreamTek.ExternalService.NuoXin.SendASRSCommand  方法名称:Send
2020-10-08 21:45:07:  执行失败jobDLL 名称 DreamTek.ExternalService.dll     AS/RS接口 类名称:DreamTek.ExternalService.NuoXin.SendASRSCommand  方法名称:Send
2020-10-08 21:45:07:  System.Reflection.TargetInvocationException: 调用的目标发生了异常。 ---> System.IO.FileLoadException: 未能加载文件或程序集“Newtonsoft.Json, Version=6.0.0.0, Culture=neutral, PublicKeyToken=30ad4fe6b2a6aeed”或它的某一个依赖项。找到的程序集清单定义与程序集引用不匹配。 (异常来自 HRESULT:0x80131040) ---> System.IO.FileLoadException: 未能加载文件或程序集“Newtonsoft.Json, Version=4.5.0.0, Culture=neutral, PublicKeyToken=30ad4fe6b2a6aeed”或它的某一个依赖项。找到的程序集清单定义与程序集引用不匹配。 (异常来自 HRESULT:0x80131040)
   --- 内部异常堆栈跟踪的结尾 ---
   在 DreamTek.ExternalService.NuoXin.SendASRSCommand.Send()
   --- 内部异常堆栈跟踪的结尾 ---
   在 System.RuntimeMethodHandle.InvokeMethod(Object target, Object[] arguments, Signature sig, Boolean constructor)
   在 System.Reflection.RuntimeMethodInfo.UnsafeInvokeInternal(Object obj, Object[] parameters, Object[] arguments)
   在 System.Reflection.RuntimeMethodInfo.Invoke(Object obj, BindingFlags invokeAttr, Binder binder, Object[] parameters, CultureInfo culture)
   在 System.Reflection.MethodBase.Invoke(Object obj, Object[] parameters)
   在 DreamTek.WinService.NCSService.doProcess() 位置 C:\2020\projects\TAIWAY\0915\branches\Web\DreamTek.WinService\NCSService.cs:行号 157
2020-10-08 21:45:17:  【10/07】顯示要調用對方的 API URL:
2020-10-08 21:45:17:  开始执行jobDLL 名称 DreamTek.ExternalService.dll   AS/RS接口 类名称:DreamTek.ExternalService.NuoXin.SendASRSCommand  方法名称:Send
2020-10-08 21:45:17:  执行失败jobDLL 名称 DreamTek.ExternalService.dll     AS/RS接口 类名称:DreamTek.ExternalService.NuoXin.SendASRSCommand  方法名称:Send
2020-10-08 21:45:17:  System.Reflection.TargetInvocationException: 调用的目标发生了异常。 ---> System.IO.FileLoadException: 未能加载文件或程序集“Newtonsoft.Json, Version=6.0.0.0, Culture=neutral, PublicKeyToken=30ad4fe6b2a6aeed”或它的某一个依赖项。找到的程序集清单定义与程序集引用不匹配。 (异常来自 HRESULT:0x80131040) ---> System.IO.FileLoadException: 未能加载文件或程序集“Newtonsoft.Json, Version=4.5.0.0, Culture=neutral, PublicKeyToken=30ad4fe6b2a6aeed”或它的某一个依赖项。找到的程序集清单定义与程序集引用不匹配。 (异常来自 HRESULT:0x80131040)
   --- 内部异常堆栈跟踪的结尾 ---
   在 DreamTek.ExternalService.NuoXin.SendASRSCommand.Send()
   --- 内部异常堆栈跟踪的结尾 ---
   在 System.RuntimeMethodHandle.InvokeMethod(Object target, Object[] arguments, Signature sig, Boolean constructor)
   在 System.Reflection.RuntimeMethodInfo.UnsafeInvokeInternal(Object obj, Object[] parameters, Object[] arguments)
   在 System.Reflection.RuntimeMethodInfo.Invoke(Object obj, BindingFlags invokeAttr, Binder binder, Object[] parameters, CultureInfo culture)
   在 System.Reflection.MethodBase.Invoke(Object obj, Object[] parameters)
   在 DreamTek.WinService.NCSService.doProcess() 位置 C:\2020\projects\TAIWAY\0915\branches\Web\DreamTek.WinService\NCSService.cs:行号 157
2020-10-08 21:45:27:  【10/07】顯示要調用對方的 API URL:
2020-10-08 21:45:27:  开始执行jobDLL 名称 DreamTek.ExternalService.dll   AS/RS接口 类名称:DreamTek.ExternalService.NuoXin.SendASRSCommand  方法名称:Send
2020-10-08 21:45:27:  执行失败jobDLL 名称 DreamTek.ExternalService.dll     AS/RS接口 类名称:DreamTek.ExternalService.NuoXin.SendASRSCommand  方法名称:Send
2020-10-08 21:45:27:  System.Reflection.TargetInvocationException: 调用的目标发生了异常。 ---> System.IO.FileLoadException: 未能加载文件或程序集“Newtonsoft.Json, Version=6.0.0.0, Culture=neutral, PublicKeyToken=30ad4fe6b2a6aeed”或它的某一个依赖项。找到的程序集清单定义与程序集引用不匹配。 (异常来自 HRESULT:0x80131040) ---> System.IO.FileLoadException: 未能加载文件或程序集“Newtonsoft.Json, Version=4.5.0.0, Culture=neutral, PublicKeyToken=30ad4fe6b2a6aeed”或它的某一个依赖项。找到的程序集清单定义与程序集引用不匹配。 (异常来自 HRESULT:0x80131040)
   --- 内部异常堆栈跟踪的结尾 ---
   在 DreamTek.ExternalService.NuoXin.SendASRSCommand.Send()
   --- 内部异常堆栈跟踪的结尾 ---
   在 System.RuntimeMethodHandle.InvokeMethod(Object target, Object[] arguments, Signature sig, Boolean constructor)
   在 System.Reflection.RuntimeMethodInfo.UnsafeInvokeInternal(Object obj, Object[] parameters, Object[] arguments)
   在 System.Reflection.RuntimeMethodInfo.Invoke(Object obj, BindingFlags invokeAttr, Binder binder, Object[] parameters, CultureInfo culture)
   在 System.Reflection.MethodBase.Invoke(Object obj, Object[] parameters)
   在 DreamTek.WinService.NCSService.doProcess() 位置 C:\2020\projects\TAIWAY\0915\branches\Web\DreamTek.WinService\NCSService.cs:行号 157
2020-10-08 21:45:37:  【10/07】顯示要調用對方的 API URL:
2020-10-08 21:45:37:  开始执行jobDLL 名称 DreamTek.ExternalService.dll   AS/RS接口 类名称:DreamTek.ExternalService.NuoXin.SendASRSCommand  方法名称:Send
2020-10-08 21:45:37:  执行失败jobDLL 名称 DreamTek.ExternalService.dll     AS/RS接口 类名称:DreamTek.ExternalService.NuoXin.SendASRSCommand  方法名称:Send
2020-10-08 21:45:37:  System.Reflection.TargetInvocationException: 调用的目标发生了异常。 ---> System.IO.FileLoadException: 未能加载文件或程序集“Newtonsoft.Json, Version=6.0.0.0, Culture=neutral, PublicKeyToken=30ad4fe6b2a6aeed”或它的某一个依赖项。找到的程序集清单定义与程序集引用不匹配。 (异常来自 HRESULT:0x80131040) ---> System.IO.FileLoadException: 未能加载文件或程序集“Newtonsoft.Json, Version=4.5.0.0, Culture=neutral, PublicKeyToken=30ad4fe6b2a6aeed”或它的某一个依赖项。找到的程序集清单定义与程序集引用不匹配。 (异常来自 HRESULT:0x80131040)
   --- 内部异常堆栈跟踪的结尾 ---
   在 DreamTek.ExternalService.NuoXin.SendASRSCommand.Send()
   --- 内部异常堆栈跟踪的结尾 ---
   在 System.RuntimeMethodHandle.InvokeMethod(Object target, Object[] arguments, Signature sig, Boolean constructor)
   在 System.Reflection.RuntimeMethodInfo.UnsafeInvokeInternal(Object obj, Object[] parameters, Object[] arguments)
   在 System.Reflection.RuntimeMethodInfo.Invoke(Object obj, BindingFlags invokeAttr, Binder binder, Object[] parameters, CultureInfo culture)
   在 System.Reflection.MethodBase.Invoke(Object obj, Object[] parameters)
   在 DreamTek.WinService.NCSService.doProcess() 位置 C:\2020\projects\TAIWAY\0915\branches\Web\DreamTek.WinService\NCSService.cs:行号 157
2020-10-08 21:45:47:  【10/07】顯示要調用對方的 API URL:
2020-10-08 21:45:47:  开始执行jobDLL 名称 DreamTek.ExternalService.dll   AS/RS接口 类名称:DreamTek.ExternalService.NuoXin.SendASRSCommand  方法名称:Send
2020-10-08 21:45:47:  执行失败jobDLL 名称 DreamTek.ExternalService.dll     AS/RS接口 类名称:DreamTek.ExternalService.NuoXin.SendASRSCommand  方法名称:Send
2020-10-08 21:45:47:  System.Reflection.TargetInvocationException: 调用的目标发生了异常。 ---> System.IO.FileLoadException: 未能加载文件或程序集“Newtonsoft.Json, Version=6.0.0.0, Culture=neutral, PublicKeyToken=30ad4fe6b2a6aeed”或它的某一个依赖项。找到的程序集清单定义与程序集引用不匹配。 (异常来自 HRESULT:0x80131040) ---> System.IO.FileLoadException: 未能加载文件或程序集“Newtonsoft.Json, Version=4.5.0.0, Culture=neutral, PublicKeyToken=30ad4fe6b2a6aeed”或它的某一个依赖项。找到的程序集清单定义与程序集引用不匹配。 (异常来自 HRESULT:0x80131040)
   --- 内部异常堆栈跟踪的结尾 ---
   在 DreamTek.ExternalService.NuoXin.SendASRSCommand.Send()
   --- 内部异常堆栈跟踪的结尾 ---
   在 System.RuntimeMethodHandle.InvokeMethod(Object target, Object[] arguments, Signature sig, Boolean constructor)
   在 System.Reflection.RuntimeMethodInfo.UnsafeInvokeInternal(Object obj, Object[] parameters, Object[] arguments)
   在 System.Reflection.RuntimeMethodInfo.Invoke(Object obj, BindingFlags invokeAttr, Binder binder, Object[] parameters, CultureInfo culture)
   在 System.Reflection.MethodBase.Invoke(Object obj, Object[] parameters)
   在 DreamTek.WinService.NCSService.doProcess() 位置 C:\2020\projects\TAIWAY\0915\branches\Web\DreamTek.WinService\NCSService.cs:行号 157
2020-10-08 21:47:05:  【10/07】顯示要調用對方的 API URL:
2020-10-08 21:47:05:  开始执行jobDLL 名称 DreamTek.ExternalService.dll   AS/RS接口 类名称:DreamTek.ExternalService.NuoXin.SendASRSCommand  方法名称:Send
2020-10-08 21:47:05:  执行失败jobDLL 名称 DreamTek.ExternalService.dll     AS/RS接口 类名称:DreamTek.ExternalService.NuoXin.SendASRSCommand  方法名称:Send
2020-10-08 21:47:05:  System.Reflection.TargetInvocationException: 调用的目标发生了异常。 ---> System.IO.FileLoadException: 未能加载文件或程序集“Newtonsoft.Json, Version=12.0.0.0, Culture=neutral, PublicKeyToken=30ad4fe6b2a6aeed”或它的某一个依赖项。找到的程序集清单定义与程序集引用不匹配。 (异常来自 HRESULT:0x80131040)
   在 DreamTek.ExternalService.NuoXin.SendASRSCommand.Send()
   --- 内部异常堆栈跟踪的结尾 ---
   在 System.RuntimeMethodHandle.InvokeMethod(Object target, Object[] arguments, Signature sig, Boolean constructor)
   在 System.Reflection.RuntimeMethodInfo.UnsafeInvokeInternal(Object obj, Object[] parameters, Object[] arguments)
   在 System.Reflection.RuntimeMethodInfo.Invoke(Object obj, BindingFlags invokeAttr, Binder binder, Object[] parameters, CultureInfo culture)
   在 System.Reflection.MethodBase.Invoke(Object obj, Object[] parameters)
   在 DreamTek.WinService.NCSService.doProcess() 位置 C:\2020\projects\TAIWAY\0915\branches\Web\DreamTek.WinService\NCSService.cs:行号 157
2020-10-08 21:47:15:  【10/07】顯示要調用對方的 API URL:
2020-10-08 21:47:15:  开始执行jobDLL 名称 DreamTek.ExternalService.dll   AS/RS接口 类名称:DreamTek.ExternalService.NuoXin.SendASRSCommand  方法名称:Send
2020-10-08 21:47:15:  执行失败jobDLL 名称 DreamTek.ExternalService.dll     AS/RS接口 类名称:DreamTek.ExternalService.NuoXin.SendASRSCommand  方法名称:Send
2020-10-08 21:47:15:  System.Reflection.TargetInvocationException: 调用的目标发生了异常。 ---> System.IO.FileLoadException: 未能加载文件或程序集“Newtonsoft.Json, Version=12.0.0.0, Culture=neutral, PublicKeyToken=30ad4fe6b2a6aeed”或它的某一个依赖项。找到的程序集清单定义与程序集引用不匹配。 (异常来自 HRESULT:0x80131040)
   在 DreamTek.ExternalService.NuoXin.SendASRSCommand.Send()
   --- 内部异常堆栈跟踪的结尾 ---
   在 System.RuntimeMethodHandle.InvokeMethod(Object target, Object[] arguments, Signature sig, Boolean constructor)
   在 System.Reflection.RuntimeMethodInfo.UnsafeInvokeInternal(Object obj, Object[] parameters, Object[] arguments)
   在 System.Reflection.RuntimeMethodInfo.Invoke(Object obj, BindingFlags invokeAttr, Binder binder, Object[] parameters, CultureInfo culture)
   在 System.Reflection.MethodBase.Invoke(Object obj, Object[] parameters)
   在 DreamTek.WinService.NCSService.doProcess() 位置 C:\2020\projects\TAIWAY\0915\branches\Web\DreamTek.WinService\NCSService.cs:行号 157
2020-10-08 21:47:25:  【10/07】顯示要調用對方的 API URL:
2020-10-08 21:47:25:  开始执行jobDLL 名称 DreamTek.ExternalService.dll   AS/RS接口 类名称:DreamTek.ExternalService.NuoXin.SendASRSCommand  方法名称:Send
2020-10-08 21:47:25:  执行失败jobDLL 名称 DreamTek.ExternalService.dll     AS/RS接口 类名称:DreamTek.ExternalService.NuoXin.SendASRSCommand  方法名称:Send
2020-10-08 21:47:25:  System.Reflection.TargetInvocationException: 调用的目标发生了异常。 ---> System.IO.FileLoadException: 未能加载文件或程序集“Newtonsoft.Json, Version=12.0.0.0, Culture=neutral, PublicKeyToken=30ad4fe6b2a6aeed”或它的某一个依赖项。找到的程序集清单定义与程序集引用不匹配。 (异常来自 HRESULT:0x80131040)
   在 DreamTek.ExternalService.NuoXin.SendASRSCommand.Send()
   --- 内部异常堆栈跟踪的结尾 ---
   在 System.RuntimeMethodHandle.InvokeMethod(Object target, Object[] arguments, Signature sig, Boolean constructor)
   在 System.Reflection.RuntimeMethodInfo.UnsafeInvokeInternal(Object obj, Object[] parameters, Object[] arguments)
   在 System.Reflection.RuntimeMethodInfo.Invoke(Object obj, BindingFlags invokeAttr, Binder binder, Object[] parameters, CultureInfo culture)
   在 System.Reflection.MethodBase.Invoke(Object obj, Object[] parameters)
   在 DreamTek.WinService.NCSService.doProcess() 位置 C:\2020\projects\TAIWAY\0915\branches\Web\DreamTek.WinService\NCSService.cs:行号 157
2020-10-08 21:47:35:  【10/07】顯示要調用對方的 API URL:
2020-10-08 21:47:35:  开始执行jobDLL 名称 DreamTek.ExternalService.dll   AS/RS接口 类名称:DreamTek.ExternalService.NuoXin.SendASRSCommand  方法名称:Send
2020-10-08 21:47:35:  执行失败jobDLL 名称 DreamTek.ExternalService.dll     AS/RS接口 类名称:DreamTek.ExternalService.NuoXin.SendASRSCommand  方法名称:Send
2020-10-08 21:47:35:  System.Reflection.TargetInvocationException: 调用的目标发生了异常。 ---> System.IO.FileLoadException: 未能加载文件或程序集“Newtonsoft.Json, Version=12.0.0.0, Culture=neutral, PublicKeyToken=30ad4fe6b2a6aeed”或它的某一个依赖项。找到的程序集清单定义与程序集引用不匹配。 (异常来自 HRESULT:0x80131040)
   在 DreamTek.ExternalService.NuoXin.SendASRSCommand.Send()
   --- 内部异常堆栈跟踪的结尾 ---
   在 System.RuntimeMethodHandle.InvokeMethod(Object target, Object[] arguments, Signature sig, Boolean constructor)
   在 System.Reflection.RuntimeMethodInfo.UnsafeInvokeInternal(Object obj, Object[] parameters, Object[] arguments)
   在 System.Reflection.RuntimeMethodInfo.Invoke(Object obj, BindingFlags invokeAttr, Binder binder, Object[] parameters, CultureInfo culture)
   在 System.Reflection.MethodBase.Invoke(Object obj, Object[] parameters)
   在 DreamTek.WinService.NCSService.doProcess() 位置 C:\2020\projects\TAIWAY\0915\branches\Web\DreamTek.WinService\NCSService.cs:行号 157
2020-10-08 21:47:45:  【10/07】顯示要調用對方的 API URL:
2020-10-08 21:47:45:  开始执行jobDLL 名称 DreamTek.ExternalService.dll   AS/RS接口 类名称:DreamTek.ExternalService.NuoXin.SendASRSCommand  方法名称:Send
2020-10-08 21:47:45:  执行失败jobDLL 名称 DreamTek.ExternalService.dll     AS/RS接口 类名称:DreamTek.ExternalService.NuoXin.SendASRSCommand  方法名称:Send
2020-10-08 21:47:45:  System.Reflection.TargetInvocationException: 调用的目标发生了异常。 ---> System.IO.FileLoadException: 未能加载文件或程序集“Newtonsoft.Json, Version=12.0.0.0, Culture=neutral, PublicKeyToken=30ad4fe6b2a6aeed”或它的某一个依赖项。找到的程序集清单定义与程序集引用不匹配。 (异常来自 HRESULT:0x80131040)
   在 DreamTek.ExternalService.NuoXin.SendASRSCommand.Send()
   --- 内部异常堆栈跟踪的结尾 ---
   在 System.RuntimeMethodHandle.InvokeMethod(Object target, Object[] arguments, Signature sig, Boolean constructor)
   在 System.Reflection.RuntimeMethodInfo.UnsafeInvokeInternal(Object obj, Object[] parameters, Object[] arguments)
   在 System.Reflection.RuntimeMethodInfo.Invoke(Object obj, BindingFlags invokeAttr, Binder binder, Object[] parameters, CultureInfo culture)
   在 System.Reflection.MethodBase.Invoke(Object obj, Object[] parameters)
   在 DreamTek.WinService.NCSService.doProcess() 位置 C:\2020\projects\TAIWAY\0915\branches\Web\DreamTek.WinService\NCSService.cs:行号 157
2020-10-08 21:47:55:  【10/07】顯示要調用對方的 API URL:
2020-10-08 21:47:55:  开始执行jobDLL 名称 DreamTek.ExternalService.dll   AS/RS接口 类名称:DreamTek.ExternalService.NuoXin.SendASRSCommand  方法名称:Send
2020-10-08 21:47:55:  执行失败jobDLL 名称 DreamTek.ExternalService.dll     AS/RS接口 类名称:DreamTek.ExternalService.NuoXin.SendASRSCommand  方法名称:Send
2020-10-08 21:47:55:  System.Reflection.TargetInvocationException: 调用的目标发生了异常。 ---> System.IO.FileLoadException: 未能加载文件或程序集“Newtonsoft.Json, Version=12.0.0.0, Culture=neutral, PublicKeyToken=30ad4fe6b2a6aeed”或它的某一个依赖项。找到的程序集清单定义与程序集引用不匹配。 (异常来自 HRESULT:0x80131040)
   在 DreamTek.ExternalService.NuoXin.SendASRSCommand.Send()
   --- 内部异常堆栈跟踪的结尾 ---
   在 System.RuntimeMethodHandle.InvokeMethod(Object target, Object[] arguments, Signature sig, Boolean constructor)
   在 System.Reflection.RuntimeMethodInfo.UnsafeInvokeInternal(Object obj, Object[] parameters, Object[] arguments)
   在 System.Reflection.RuntimeMethodInfo.Invoke(Object obj, BindingFlags invokeAttr, Binder binder, Object[] parameters, CultureInfo culture)
   在 System.Reflection.MethodBase.Invoke(Object obj, Object[] parameters)
   在 DreamTek.WinService.NCSService.doProcess() 位置 C:\2020\projects\TAIWAY\0915\branches\Web\DreamTek.WinService\NCSService.cs:行号 157
2020-10-08 21:48:05:  【10/07】顯示要調用對方的 API URL:
2020-10-08 21:48:05:  开始执行jobDLL 名称 DreamTek.ExternalService.dll   AS/RS接口 类名称:DreamTek.ExternalService.NuoXin.SendASRSCommand  方法名称:Send
2020-10-08 21:48:05:  执行失败jobDLL 名称 DreamTek.ExternalService.dll     AS/RS接口 类名称:DreamTek.ExternalService.NuoXin.SendASRSCommand  方法名称:Send
2020-10-08 21:48:05:  System.Reflection.TargetInvocationException: 调用的目标发生了异常。 ---> System.IO.FileLoadException: 未能加载文件或程序集“Newtonsoft.Json, Version=12.0.0.0, Culture=neutral, PublicKeyToken=30ad4fe6b2a6aeed”或它的某一个依赖项。找到的程序集清单定义与程序集引用不匹配。 (异常来自 HRESULT:0x80131040)
   在 DreamTek.ExternalService.NuoXin.SendASRSCommand.Send()
   --- 内部异常堆栈跟踪的结尾 ---
   在 System.RuntimeMethodHandle.InvokeMethod(Object target, Object[] arguments, Signature sig, Boolean constructor)
   在 System.Reflection.RuntimeMethodInfo.UnsafeInvokeInternal(Object obj, Object[] parameters, Object[] arguments)
   在 System.Reflection.RuntimeMethodInfo.Invoke(Object obj, BindingFlags invokeAttr, Binder binder, Object[] parameters, CultureInfo culture)
   在 System.Reflection.MethodBase.Invoke(Object obj, Object[] parameters)
   在 DreamTek.WinService.NCSService.doProcess() 位置 C:\2020\projects\TAIWAY\0915\branches\Web\DreamTek.WinService\NCSService.cs:行号 157
2020-10-08 21:48:15:  【10/07】顯示要調用對方的 API URL:
2020-10-08 21:48:15:  开始执行jobDLL 名称 DreamTek.ExternalService.dll   AS/RS接口 类名称:DreamTek.ExternalService.NuoXin.SendASRSCommand  方法名称:Send
2020-10-08 21:48:15:  执行失败jobDLL 名称 DreamTek.ExternalService.dll     AS/RS接口 类名称:DreamTek.ExternalService.NuoXin.SendASRSCommand  方法名称:Send
2020-10-08 21:48:15:  System.Reflection.TargetInvocationException: 调用的目标发生了异常。 ---> System.IO.FileLoadException: 未能加载文件或程序集“Newtonsoft.Json, Version=12.0.0.0, Culture=neutral, PublicKeyToken=30ad4fe6b2a6aeed”或它的某一个依赖项。找到的程序集清单定义与程序集引用不匹配。 (异常来自 HRESULT:0x80131040)
   在 DreamTek.ExternalService.NuoXin.SendASRSCommand.Send()
   --- 内部异常堆栈跟踪的结尾 ---
   在 System.RuntimeMethodHandle.InvokeMethod(Object target, Object[] arguments, Signature sig, Boolean constructor)
   在 System.Reflection.RuntimeMethodInfo.UnsafeInvokeInternal(Object obj, Object[] parameters, Object[] arguments)
   在 System.Reflection.RuntimeMethodInfo.Invoke(Object obj, BindingFlags invokeAttr, Binder binder, Object[] parameters, CultureInfo culture)
   在 System.Reflection.MethodBase.Invoke(Object obj, Object[] parameters)
   在 DreamTek.WinService.NCSService.doProcess() 位置 C:\2020\projects\TAIWAY\0915\branches\Web\DreamTek.WinService\NCSService.cs:行号 157
2020-10-08 21:48:25:  【10/07】顯示要調用對方的 API URL:
2020-10-08 21:48:25:  开始执行jobDLL 名称 DreamTek.ExternalService.dll   AS/RS接口 类名称:DreamTek.ExternalService.NuoXin.SendASRSCommand  方法名称:Send
2020-10-08 21:48:25:  执行失败jobDLL 名称 DreamTek.ExternalService.dll     AS/RS接口 类名称:DreamTek.ExternalService.NuoXin.SendASRSCommand  方法名称:Send
2020-10-08 21:48:25:  System.Reflection.TargetInvocationException: 调用的目标发生了异常。 ---> System.IO.FileLoadException: 未能加载文件或程序集“Newtonsoft.Json, Version=12.0.0.0, Culture=neutral, PublicKeyToken=30ad4fe6b2a6aeed”或它的某一个依赖项。找到的程序集清单定义与程序集引用不匹配。 (异常来自 HRESULT:0x80131040)
   在 DreamTek.ExternalService.NuoXin.SendASRSCommand.Send()
   --- 内部异常堆栈跟踪的结尾 ---
   在 System.RuntimeMethodHandle.InvokeMethod(Object target, Object[] arguments, Signature sig, Boolean constructor)
   在 System.Reflection.RuntimeMethodInfo.UnsafeInvokeInternal(Object obj, Object[] parameters, Object[] arguments)
   在 System.Reflection.RuntimeMethodInfo.Invoke(Object obj, BindingFlags invokeAttr, Binder binder, Object[] parameters, CultureInfo culture)
   在 System.Reflection.MethodBase.Invoke(Object obj, Object[] parameters)
   在 DreamTek.WinService.NCSService.doProcess() 位置 C:\2020\projects\TAIWAY\0915\branches\Web\DreamTek.WinService\NCSService.cs:行号 157
2020-10-08 21:48:35:  【10/07】顯示要調用對方的 API URL:
2020-10-08 21:48:35:  开始执行jobDLL 名称 DreamTek.ExternalService.dll   AS/RS接口 类名称:DreamTek.ExternalService.NuoXin.SendASRSCommand  方法名称:Send
2020-10-08 21:48:35:  执行失败jobDLL 名称 DreamTek.ExternalService.dll     AS/RS接口 类名称:DreamTek.ExternalService.NuoXin.SendASRSCommand  方法名称:Send
2020-10-08 21:48:35:  System.Reflection.TargetInvocationException: 调用的目标发生了异常。 ---> System.IO.FileLoadException: 未能加载文件或程序集“Newtonsoft.Json, Version=12.0.0.0, Culture=neutral, PublicKeyToken=30ad4fe6b2a6aeed”或它的某一个依赖项。找到的程序集清单定义与程序集引用不匹配。 (异常来自 HRESULT:0x80131040)
   在 DreamTek.ExternalService.NuoXin.SendASRSCommand.Send()
   --- 内部异常堆栈跟踪的结尾 ---
   在 System.RuntimeMethodHandle.InvokeMethod(Object target, Object[] arguments, Signature sig, Boolean constructor)
   在 System.Reflection.RuntimeMethodInfo.UnsafeInvokeInternal(Object obj, Object[] parameters, Object[] arguments)
   在 System.Reflection.RuntimeMethodInfo.Invoke(Object obj, BindingFlags invokeAttr, Binder binder, Object[] parameters, CultureInfo culture)
   在 System.Reflection.MethodBase.Invoke(Object obj, Object[] parameters)
   在 DreamTek.WinService.NCSService.doProcess() 位置 C:\2020\projects\TAIWAY\0915\branches\Web\DreamTek.WinService\NCSService.cs:行号 157
2020-10-08 21:48:45:  【10/07】顯示要調用對方的 API URL:
2020-10-08 21:48:45:  开始执行jobDLL 名称 DreamTek.ExternalService.dll   AS/RS接口 类名称:DreamTek.ExternalService.NuoXin.SendASRSCommand  方法名称:Send
2020-10-08 21:48:45:  执行失败jobDLL 名称 DreamTek.ExternalService.dll     AS/RS接口 类名称:DreamTek.ExternalService.NuoXin.SendASRSCommand  方法名称:Send
2020-10-08 21:48:45:  System.Reflection.TargetInvocationException: 调用的目标发生了异常。 ---> System.IO.FileLoadException: 未能加载文件或程序集“Newtonsoft.Json, Version=12.0.0.0, Culture=neutral, PublicKeyToken=30ad4fe6b2a6aeed”或它的某一个依赖项。找到的程序集清单定义与程序集引用不匹配。 (异常来自 HRESULT:0x80131040)
   在 DreamTek.ExternalService.NuoXin.SendASRSCommand.Send()
   --- 内部异常堆栈跟踪的结尾 ---
   在 System.RuntimeMethodHandle.InvokeMethod(Object target, Object[] arguments, Signature sig, Boolean constructor)
   在 System.Reflection.RuntimeMethodInfo.UnsafeInvokeInternal(Object obj, Object[] parameters, Object[] arguments)
   在 System.Reflection.RuntimeMethodInfo.Invoke(Object obj, BindingFlags invokeAttr, Binder binder, Object[] parameters, CultureInfo culture)
   在 System.Reflection.MethodBase.Invoke(Object obj, Object[] parameters)
   在 DreamTek.WinService.NCSService.doProcess() 位置 C:\2020\projects\TAIWAY\0915\branches\Web\DreamTek.WinService\NCSService.cs:行号 157
2020-10-08 21:48:55:  【10/07】顯示要調用對方的 API URL:
2020-10-08 21:48:55:  开始执行jobDLL 名称 DreamTek.ExternalService.dll   AS/RS接口 类名称:DreamTek.ExternalService.NuoXin.SendASRSCommand  方法名称:Send
2020-10-08 21:48:55:  执行失败jobDLL 名称 DreamTek.ExternalService.dll     AS/RS接口 类名称:DreamTek.ExternalService.NuoXin.SendASRSCommand  方法名称:Send
2020-10-08 21:48:55:  System.Reflection.TargetInvocationException: 调用的目标发生了异常。 ---> System.IO.FileLoadException: 未能加载文件或程序集“Newtonsoft.Json, Version=12.0.0.0, Culture=neutral, PublicKeyToken=30ad4fe6b2a6aeed”或它的某一个依赖项。找到的程序集清单定义与程序集引用不匹配。 (异常来自 HRESULT:0x80131040)
   在 DreamTek.ExternalService.NuoXin.SendASRSCommand.Send()
   --- 内部异常堆栈跟踪的结尾 ---
   在 System.RuntimeMethodHandle.InvokeMethod(Object target, Object[] arguments, Signature sig, Boolean constructor)
   在 System.Reflection.RuntimeMethodInfo.UnsafeInvokeInternal(Object obj, Object[] parameters, Object[] arguments)
   在 System.Reflection.RuntimeMethodInfo.Invoke(Object obj, BindingFlags invokeAttr, Binder binder, Object[] parameters, CultureInfo culture)
   在 System.Reflection.MethodBase.Invoke(Object obj, Object[] parameters)
   在 DreamTek.WinService.NCSService.doProcess() 位置 C:\2020\projects\TAIWAY\0915\branches\Web\DreamTek.WinService\NCSService.cs:行号 157
2020-10-08 21:49:05:  【10/07】顯示要調用對方的 API URL:
2020-10-08 21:49:05:  开始执行jobDLL 名称 DreamTek.ExternalService.dll   AS/RS接口 类名称:DreamTek.ExternalService.NuoXin.SendASRSCommand  方法名称:Send
2020-10-08 21:49:05:  执行失败jobDLL 名称 DreamTek.ExternalService.dll     AS/RS接口 类名称:DreamTek.ExternalService.NuoXin.SendASRSCommand  方法名称:Send
2020-10-08 21:49:05:  System.Reflection.TargetInvocationException: 调用的目标发生了异常。 ---> System.IO.FileLoadException: 未能加载文件或程序集“Newtonsoft.Json, Version=12.0.0.0, Culture=neutral, PublicKeyToken=30ad4fe6b2a6aeed”或它的某一个依赖项。找到的程序集清单定义与程序集引用不匹配。 (异常来自 HRESULT:0x80131040)
   在 DreamTek.ExternalService.NuoXin.SendASRSCommand.Send()
   --- 内部异常堆栈跟踪的结尾 ---
   在 System.RuntimeMethodHandle.InvokeMethod(Object target, Object[] arguments, Signature sig, Boolean constructor)
   在 System.Reflection.RuntimeMethodInfo.UnsafeInvokeInternal(Object obj, Object[] parameters, Object[] arguments)
   在 System.Reflection.RuntimeMethodInfo.Invoke(Object obj, BindingFlags invokeAttr, Binder binder, Object[] parameters, CultureInfo culture)
   在 System.Reflection.MethodBase.Invoke(Object obj, Object[] parameters)
   在 DreamTek.WinService.NCSService.doProcess() 位置 C:\2020\projects\TAIWAY\0915\branches\Web\DreamTek.WinService\NCSService.cs:行号 157
2020-10-08 21:49:15:  【10/07】顯示要調用對方的 API URL:
2020-10-08 21:49:15:  开始执行jobDLL 名称 DreamTek.ExternalService.dll   AS/RS接口 类名称:DreamTek.ExternalService.NuoXin.SendASRSCommand  方法名称:Send
2020-10-08 21:49:15:  执行失败jobDLL 名称 DreamTek.ExternalService.dll     AS/RS接口 类名称:DreamTek.ExternalService.NuoXin.SendASRSCommand  方法名称:Send
2020-10-08 21:49:15:  System.Reflection.TargetInvocationException: 调用的目标发生了异常。 ---> System.IO.FileLoadException: 未能加载文件或程序集“Newtonsoft.Json, Version=12.0.0.0, Culture=neutral, PublicKeyToken=30ad4fe6b2a6aeed”或它的某一个依赖项。找到的程序集清单定义与程序集引用不匹配。 (异常来自 HRESULT:0x80131040)
   在 DreamTek.ExternalService.NuoXin.SendASRSCommand.Send()
   --- 内部异常堆栈跟踪的结尾 ---
   在 System.RuntimeMethodHandle.InvokeMethod(Object target, Object[] arguments, Signature sig, Boolean constructor)
   在 System.Reflection.RuntimeMethodInfo.UnsafeInvokeInternal(Object obj, Object[] parameters, Object[] arguments)
   在 System.Reflection.RuntimeMethodInfo.Invoke(Object obj, BindingFlags invokeAttr, Binder binder, Object[] parameters, CultureInfo culture)
   在 System.Reflection.MethodBase.Invoke(Object obj, Object[] parameters)
   在 DreamTek.WinService.NCSService.doProcess() 位置 C:\2020\projects\TAIWAY\0915\branches\Web\DreamTek.WinService\NCSService.cs:行号 157
2020-10-08 21:49:25:  【10/07】顯示要調用對方的 API URL:
2020-10-08 21:49:25:  开始执行jobDLL 名称 DreamTek.ExternalService.dll   AS/RS接口 类名称:DreamTek.ExternalService.NuoXin.SendASRSCommand  方法名称:Send
2020-10-08 21:49:25:  执行失败jobDLL 名称 DreamTek.ExternalService.dll     AS/RS接口 类名称:DreamTek.ExternalService.NuoXin.SendASRSCommand  方法名称:Send
2020-10-08 21:49:25:  System.Reflection.TargetInvocationException: 调用的目标发生了异常。 ---> System.IO.FileLoadException: 未能加载文件或程序集“Newtonsoft.Json, Version=12.0.0.0, Culture=neutral, PublicKeyToken=30ad4fe6b2a6aeed”或它的某一个依赖项。找到的程序集清单定义与程序集引用不匹配。 (异常来自 HRESULT:0x80131040)
   在 DreamTek.ExternalService.NuoXin.SendASRSCommand.Send()
   --- 内部异常堆栈跟踪的结尾 ---
   在 System.RuntimeMethodHandle.InvokeMethod(Object target, Object[] arguments, Signature sig, Boolean constructor)
   在 System.Reflection.RuntimeMethodInfo.UnsafeInvokeInternal(Object obj, Object[] parameters, Object[] arguments)
   在 System.Reflection.RuntimeMethodInfo.Invoke(Object obj, BindingFlags invokeAttr, Binder binder, Object[] parameters, CultureInfo culture)
   在 System.Reflection.MethodBase.Invoke(Object obj, Object[] parameters)
   在 DreamTek.WinService.NCSService.doProcess() 位置 C:\2020\projects\TAIWAY\0915\branches\Web\DreamTek.WinService\NCSService.cs:行号 157
2020-10-08 21:49:35:  【10/07】顯示要調用對方的 API URL:
2020-10-08 21:49:35:  开始执行jobDLL 名称 DreamTek.ExternalService.dll   AS/RS接口 类名称:DreamTek.ExternalService.NuoXin.SendASRSCommand  方法名称:Send
2020-10-08 21:49:35:  执行失败jobDLL 名称 DreamTek.ExternalService.dll     AS/RS接口 类名称:DreamTek.ExternalService.NuoXin.SendASRSCommand  方法名称:Send
2020-10-08 21:49:35:  System.Reflection.TargetInvocationException: 调用的目标发生了异常。 ---> System.IO.FileLoadException: 未能加载文件或程序集“Newtonsoft.Json, Version=12.0.0.0, Culture=neutral, PublicKeyToken=30ad4fe6b2a6aeed”或它的某一个依赖项。找到的程序集清单定义与程序集引用不匹配。 (异常来自 HRESULT:0x80131040)
   在 DreamTek.ExternalService.NuoXin.SendASRSCommand.Send()
   --- 内部异常堆栈跟踪的结尾 ---
   在 System.RuntimeMethodHandle.InvokeMethod(Object target, Object[] arguments, Signature sig, Boolean constructor)
   在 System.Reflection.RuntimeMethodInfo.UnsafeInvokeInternal(Object obj, Object[] parameters, Object[] arguments)
   在 System.Reflection.RuntimeMethodInfo.Invoke(Object obj, BindingFlags invokeAttr, Binder binder, Object[] parameters, CultureInfo culture)
   在 System.Reflection.MethodBase.Invoke(Object obj, Object[] parameters)
   在 DreamTek.WinService.NCSService.doProcess() 位置 C:\2020\projects\TAIWAY\0915\branches\Web\DreamTek.WinService\NCSService.cs:行号 157
2020-10-08 21:49:45:  【10/07】顯示要調用對方的 API URL:
2020-10-08 21:49:45:  开始执行jobDLL 名称 DreamTek.ExternalService.dll   AS/RS接口 类名称:DreamTek.ExternalService.NuoXin.SendASRSCommand  方法名称:Send
2020-10-08 21:49:45:  执行失败jobDLL 名称 DreamTek.ExternalService.dll     AS/RS接口 类名称:DreamTek.ExternalService.NuoXin.SendASRSCommand  方法名称:Send
2020-10-08 21:49:45:  System.Reflection.TargetInvocationException: 调用的目标发生了异常。 ---> System.IO.FileLoadException: 未能加载文件或程序集“Newtonsoft.Json, Version=12.0.0.0, Culture=neutral, PublicKeyToken=30ad4fe6b2a6aeed”或它的某一个依赖项。找到的程序集清单定义与程序集引用不匹配。 (异常来自 HRESULT:0x80131040)
   在 DreamTek.ExternalService.NuoXin.SendASRSCommand.Send()
   --- 内部异常堆栈跟踪的结尾 ---
   在 System.RuntimeMethodHandle.InvokeMethod(Object target, Object[] arguments, Signature sig, Boolean constructor)
   在 System.Reflection.RuntimeMethodInfo.UnsafeInvokeInternal(Object obj, Object[] parameters, Object[] arguments)
   在 System.Reflection.RuntimeMethodInfo.Invoke(Object obj, BindingFlags invokeAttr, Binder binder, Object[] parameters, CultureInfo culture)
   在 System.Reflection.MethodBase.Invoke(Object obj, Object[] parameters)
   在 DreamTek.WinService.NCSService.doProcess() 位置 C:\2020\projects\TAIWAY\0915\branches\Web\DreamTek.WinService\NCSService.cs:行号 157
2020-10-08 21:49:55:  【10/07】顯示要調用對方的 API URL:
2020-10-08 21:49:55:  开始执行jobDLL 名称 DreamTek.ExternalService.dll   AS/RS接口 类名称:DreamTek.ExternalService.NuoXin.SendASRSCommand  方法名称:Send
2020-10-08 21:49:55:  执行失败jobDLL 名称 DreamTek.ExternalService.dll     AS/RS接口 类名称:DreamTek.ExternalService.NuoXin.SendASRSCommand  方法名称:Send
2020-10-08 21:49:55:  System.Reflection.TargetInvocationException: 调用的目标发生了异常。 ---> System.IO.FileLoadException: 未能加载文件或程序集“Newtonsoft.Json, Version=12.0.0.0, Culture=neutral, PublicKeyToken=30ad4fe6b2a6aeed”或它的某一个依赖项。找到的程序集清单定义与程序集引用不匹配。 (异常来自 HRESULT:0x80131040)
   在 DreamTek.ExternalService.NuoXin.SendASRSCommand.Send()
   --- 内部异常堆栈跟踪的结尾 ---
   在 System.RuntimeMethodHandle.InvokeMethod(Object target, Object[] arguments, Signature sig, Boolean constructor)
   在 System.Reflection.RuntimeMethodInfo.UnsafeInvokeInternal(Object obj, Object[] parameters, Object[] arguments)
   在 System.Reflection.RuntimeMethodInfo.Invoke(Object obj, BindingFlags invokeAttr, Binder binder, Object[] parameters, CultureInfo culture)
   在 System.Reflection.MethodBase.Invoke(Object obj, Object[] parameters)
   在 DreamTek.WinService.NCSService.doProcess() 位置 C:\2020\projects\TAIWAY\0915\branches\Web\DreamTek.WinService\NCSService.cs:行号 157
2020-10-08 21:50:05:  【10/07】顯示要調用對方的 API URL:
2020-10-08 21:50:05:  开始执行jobDLL 名称 DreamTek.ExternalService.dll   AS/RS接口 类名称:DreamTek.ExternalService.NuoXin.SendASRSCommand  方法名称:Send
2020-10-08 21:50:05:  执行失败jobDLL 名称 DreamTek.ExternalService.dll     AS/RS接口 类名称:DreamTek.ExternalService.NuoXin.SendASRSCommand  方法名称:Send
2020-10-08 21:50:05:  System.Reflection.TargetInvocationException: 调用的目标发生了异常。 ---> System.IO.FileLoadException: 未能加载文件或程序集“Newtonsoft.Json, Version=12.0.0.0, Culture=neutral, PublicKeyToken=30ad4fe6b2a6aeed”或它的某一个依赖项。找到的程序集清单定义与程序集引用不匹配。 (异常来自 HRESULT:0x80131040)
   在 DreamTek.ExternalService.NuoXin.SendASRSCommand.Send()
   --- 内部异常堆栈跟踪的结尾 ---
   在 System.RuntimeMethodHandle.InvokeMethod(Object target, Object[] arguments, Signature sig, Boolean constructor)
   在 System.Reflection.RuntimeMethodInfo.UnsafeInvokeInternal(Object obj, Object[] parameters, Object[] arguments)
   在 System.Reflection.RuntimeMethodInfo.Invoke(Object obj, BindingFlags invokeAttr, Binder binder, Object[] parameters, CultureInfo culture)
   在 System.Reflection.MethodBase.Invoke(Object obj, Object[] parameters)
   在 DreamTek.WinService.NCSService.doProcess() 位置 C:\2020\projects\TAIWAY\0915\branches\Web\DreamTek.WinService\NCSService.cs:行号 157
2020-10-08 21:50:15:  【10/07】顯示要調用對方的 API URL:
2020-10-08 21:50:15:  开始执行jobDLL 名称 DreamTek.ExternalService.dll   AS/RS接口 类名称:DreamTek.ExternalService.NuoXin.SendASRSCommand  方法名称:Send
2020-10-08 21:50:15:  执行失败jobDLL 名称 DreamTek.ExternalService.dll     AS/RS接口 类名称:DreamTek.ExternalService.NuoXin.SendASRSCommand  方法名称:Send
2020-10-08 21:50:15:  System.Reflection.TargetInvocationException: 调用的目标发生了异常。 ---> System.IO.FileLoadException: 未能加载文件或程序集“Newtonsoft.Json, Version=12.0.0.0, Culture=neutral, PublicKeyToken=30ad4fe6b2a6aeed”或它的某一个依赖项。找到的程序集清单定义与程序集引用不匹配。 (异常来自 HRESULT:0x80131040)
   在 DreamTek.ExternalService.NuoXin.SendASRSCommand.Send()
   --- 内部异常堆栈跟踪的结尾 ---
   在 System.RuntimeMethodHandle.InvokeMethod(Object target, Object[] arguments, Signature sig, Boolean constructor)
   在 System.Reflection.RuntimeMethodInfo.UnsafeInvokeInternal(Object obj, Object[] parameters, Object[] arguments)
   在 System.Reflection.RuntimeMethodInfo.Invoke(Object obj, BindingFlags invokeAttr, Binder binder, Object[] parameters, CultureInfo culture)
   在 System.Reflection.MethodBase.Invoke(Object obj, Object[] parameters)
   在 DreamTek.WinService.NCSService.doProcess() 位置 C:\2020\projects\TAIWAY\0915\branches\Web\DreamTek.WinService\NCSService.cs:行号 157
2020-10-08 21:50:25:  【10/07】顯示要調用對方的 API URL:
2020-10-08 21:50:25:  开始执行jobDLL 名称 DreamTek.ExternalService.dll   AS/RS接口 类名称:DreamTek.ExternalService.NuoXin.SendASRSCommand  方法名称:Send
2020-10-08 21:50:25:  执行失败jobDLL 名称 DreamTek.ExternalService.dll     AS/RS接口 类名称:DreamTek.ExternalService.NuoXin.SendASRSCommand  方法名称:Send
2020-10-08 21:50:25:  System.Reflection.TargetInvocationException: 调用的目标发生了异常。 ---> System.IO.FileLoadException: 未能加载文件或程序集“Newtonsoft.Json, Version=12.0.0.0, Culture=neutral, PublicKeyToken=30ad4fe6b2a6aeed”或它的某一个依赖项。找到的程序集清单定义与程序集引用不匹配。 (异常来自 HRESULT:0x80131040)
   在 DreamTek.ExternalService.NuoXin.SendASRSCommand.Send()
   --- 内部异常堆栈跟踪的结尾 ---
   在 System.RuntimeMethodHandle.InvokeMethod(Object target, Object[] arguments, Signature sig, Boolean constructor)
   在 System.Reflection.RuntimeMethodInfo.UnsafeInvokeInternal(Object obj, Object[] parameters, Object[] arguments)
   在 System.Reflection.RuntimeMethodInfo.Invoke(Object obj, BindingFlags invokeAttr, Binder binder, Object[] parameters, CultureInfo culture)
   在 System.Reflection.MethodBase.Invoke(Object obj, Object[] parameters)
   在 DreamTek.WinService.NCSService.doProcess() 位置 C:\2020\projects\TAIWAY\0915\branches\Web\DreamTek.WinService\NCSService.cs:行号 157
2020-10-08 21:50:35:  【10/07】顯示要調用對方的 API URL:
2020-10-08 21:50:35:  开始执行jobDLL 名称 DreamTek.ExternalService.dll   AS/RS接口 类名称:DreamTek.ExternalService.NuoXin.SendASRSCommand  方法名称:Send
2020-10-08 21:50:35:  执行失败jobDLL 名称 DreamTek.ExternalService.dll     AS/RS接口 类名称:DreamTek.ExternalService.NuoXin.SendASRSCommand  方法名称:Send
2020-10-08 21:50:35:  System.Reflection.TargetInvocationException: 调用的目标发生了异常。 ---> System.IO.FileLoadException: 未能加载文件或程序集“Newtonsoft.Json, Version=12.0.0.0, Culture=neutral, PublicKeyToken=30ad4fe6b2a6aeed”或它的某一个依赖项。找到的程序集清单定义与程序集引用不匹配。 (异常来自 HRESULT:0x80131040)
   在 DreamTek.ExternalService.NuoXin.SendASRSCommand.Send()
   --- 内部异常堆栈跟踪的结尾 ---
   在 System.RuntimeMethodHandle.InvokeMethod(Object target, Object[] arguments, Signature sig, Boolean constructor)
   在 System.Reflection.RuntimeMethodInfo.UnsafeInvokeInternal(Object obj, Object[] parameters, Object[] arguments)
   在 System.Reflection.RuntimeMethodInfo.Invoke(Object obj, BindingFlags invokeAttr, Binder binder, Object[] parameters, CultureInfo culture)
   在 System.Reflection.MethodBase.Invoke(Object obj, Object[] parameters)
   在 DreamTek.WinService.NCSService.doProcess() 位置 C:\2020\projects\TAIWAY\0915\branches\Web\DreamTek.WinService\NCSService.cs:行号 157
2020-10-08 21:50:45:  【10/07】顯示要調用對方的 API URL:
2020-10-08 21:50:45:  开始执行jobDLL 名称 DreamTek.ExternalService.dll   AS/RS接口 类名称:DreamTek.ExternalService.NuoXin.SendASRSCommand  方法名称:Send
2020-10-08 21:50:45:  执行失败jobDLL 名称 DreamTek.ExternalService.dll     AS/RS接口 类名称:DreamTek.ExternalService.NuoXin.SendASRSCommand  方法名称:Send
2020-10-08 21:50:45:  System.Reflection.TargetInvocationException: 调用的目标发生了异常。 ---> System.IO.FileLoadException: 未能加载文件或程序集“Newtonsoft.Json, Version=12.0.0.0, Culture=neutral, PublicKeyToken=30ad4fe6b2a6aeed”或它的某一个依赖项。找到的程序集清单定义与程序集引用不匹配。 (异常来自 HRESULT:0x80131040)
   在 DreamTek.ExternalService.NuoXin.SendASRSCommand.Send()
   --- 内部异常堆栈跟踪的结尾 ---
   在 System.RuntimeMethodHandle.InvokeMethod(Object target, Object[] arguments, Signature sig, Boolean constructor)
   在 System.Reflection.RuntimeMethodInfo.UnsafeInvokeInternal(Object obj, Object[] parameters, Object[] arguments)
   在 System.Reflection.RuntimeMethodInfo.Invoke(Object obj, BindingFlags invokeAttr, Binder binder, Object[] parameters, CultureInfo culture)
   在 System.Reflection.MethodBase.Invoke(Object obj, Object[] parameters)
   在 DreamTek.WinService.NCSService.doProcess() 位置 C:\2020\projects\TAIWAY\0915\branches\Web\DreamTek.WinService\NCSService.cs:行号 157
2020-10-08 21:50:55:  【10/07】顯示要調用對方的 API URL:
2020-10-08 21:50:55:  开始执行jobDLL 名称 DreamTek.ExternalService.dll   AS/RS接口 类名称:DreamTek.ExternalService.NuoXin.SendASRSCommand  方法名称:Send
2020-10-08 21:50:55:  执行失败jobDLL 名称 DreamTek.ExternalService.dll     AS/RS接口 类名称:DreamTek.ExternalService.NuoXin.SendASRSCommand  方法名称:Send
2020-10-08 21:50:55:  System.Reflection.TargetInvocationException: 调用的目标发生了异常。 ---> System.IO.FileLoadException: 未能加载文件或程序集“Newtonsoft.Json, Version=12.0.0.0, Culture=neutral, PublicKeyToken=30ad4fe6b2a6aeed”或它的某一个依赖项。找到的程序集清单定义与程序集引用不匹配。 (异常来自 HRESULT:0x80131040)
   在 DreamTek.ExternalService.NuoXin.SendASRSCommand.Send()
   --- 内部异常堆栈跟踪的结尾 ---
   在 System.RuntimeMethodHandle.InvokeMethod(Object target, Object[] arguments, Signature sig, Boolean constructor)
   在 System.Reflection.RuntimeMethodInfo.UnsafeInvokeInternal(Object obj, Object[] parameters, Object[] arguments)
   在 System.Reflection.RuntimeMethodInfo.Invoke(Object obj, BindingFlags invokeAttr, Binder binder, Object[] parameters, CultureInfo culture)
   在 System.Reflection.MethodBase.Invoke(Object obj, Object[] parameters)
   在 DreamTek.WinService.NCSService.doProcess() 位置 C:\2020\projects\TAIWAY\0915\branches\Web\DreamTek.WinService\NCSService.cs:行号 157
2020-10-08 21:51:05:  【10/07】顯示要調用對方的 API URL:
2020-10-08 21:51:05:  开始执行jobDLL 名称 DreamTek.ExternalService.dll   AS/RS接口 类名称:DreamTek.ExternalService.NuoXin.SendASRSCommand  方法名称:Send
2020-10-08 21:51:05:  执行失败jobDLL 名称 DreamTek.ExternalService.dll     AS/RS接口 类名称:DreamTek.ExternalService.NuoXin.SendASRSCommand  方法名称:Send
2020-10-08 21:51:05:  System.Reflection.TargetInvocationException: 调用的目标发生了异常。 ---> System.IO.FileLoadException: 未能加载文件或程序集“Newtonsoft.Json, Version=12.0.0.0, Culture=neutral, PublicKeyToken=30ad4fe6b2a6aeed”或它的某一个依赖项。找到的程序集清单定义与程序集引用不匹配。 (异常来自 HRESULT:0x80131040)
   在 DreamTek.ExternalService.NuoXin.SendASRSCommand.Send()
   --- 内部异常堆栈跟踪的结尾 ---
   在 System.RuntimeMethodHandle.InvokeMethod(Object target, Object[] arguments, Signature sig, Boolean constructor)
   在 System.Reflection.RuntimeMethodInfo.UnsafeInvokeInternal(Object obj, Object[] parameters, Object[] arguments)
   在 System.Reflection.RuntimeMethodInfo.Invoke(Object obj, BindingFlags invokeAttr, Binder binder, Object[] parameters, CultureInfo culture)
   在 System.Reflection.MethodBase.Invoke(Object obj, Object[] parameters)
   在 DreamTek.WinService.NCSService.doProcess() 位置 C:\2020\projects\TAIWAY\0915\branches\Web\DreamTek.WinService\NCSService.cs:行号 157
2020-10-08 21:51:15:  【10/07】顯示要調用對方的 API URL:
2020-10-08 21:51:15:  开始执行jobDLL 名称 DreamTek.ExternalService.dll   AS/RS接口 类名称:DreamTek.ExternalService.NuoXin.SendASRSCommand  方法名称:Send
2020-10-08 21:51:15:  执行失败jobDLL 名称 DreamTek.ExternalService.dll     AS/RS接口 类名称:DreamTek.ExternalService.NuoXin.SendASRSCommand  方法名称:Send
2020-10-08 21:51:15:  System.Reflection.TargetInvocationException: 调用的目标发生了异常。 ---> System.IO.FileLoadException: 未能加载文件或程序集“Newtonsoft.Json, Version=12.0.0.0, Culture=neutral, PublicKeyToken=30ad4fe6b2a6aeed”或它的某一个依赖项。找到的程序集清单定义与程序集引用不匹配。 (异常来自 HRESULT:0x80131040)
   在 DreamTek.ExternalService.NuoXin.SendASRSCommand.Send()
   --- 内部异常堆栈跟踪的结尾 ---
   在 System.RuntimeMethodHandle.InvokeMethod(Object target, Object[] arguments, Signature sig, Boolean constructor)
   在 System.Reflection.RuntimeMethodInfo.UnsafeInvokeInternal(Object obj, Object[] parameters, Object[] arguments)
   在 System.Reflection.RuntimeMethodInfo.Invoke(Object obj, BindingFlags invokeAttr, Binder binder, Object[] parameters, CultureInfo culture)
   在 System.Reflection.MethodBase.Invoke(Object obj, Object[] parameters)
   在 DreamTek.WinService.NCSService.doProcess() 位置 C:\2020\projects\TAIWAY\0915\branches\Web\DreamTek.WinService\NCSService.cs:行号 157
2020-10-08 21:51:25:  【10/07】顯示要調用對方的 API URL:
2020-10-08 21:51:25:  开始执行jobDLL 名称 DreamTek.ExternalService.dll   AS/RS接口 类名称:DreamTek.ExternalService.NuoXin.SendASRSCommand  方法名称:Send
2020-10-08 21:51:25:  执行失败jobDLL 名称 DreamTek.ExternalService.dll     AS/RS接口 类名称:DreamTek.ExternalService.NuoXin.SendASRSCommand  方法名称:Send
2020-10-08 21:51:25:  System.Reflection.TargetInvocationException: 调用的目标发生了异常。 ---> System.IO.FileLoadException: 未能加载文件或程序集“Newtonsoft.Json, Version=12.0.0.0, Culture=neutral, PublicKeyToken=30ad4fe6b2a6aeed”或它的某一个依赖项。找到的程序集清单定义与程序集引用不匹配。 (异常来自 HRESULT:0x80131040)
   在 DreamTek.ExternalService.NuoXin.SendASRSCommand.Send()
   --- 内部异常堆栈跟踪的结尾 ---
   在 System.RuntimeMethodHandle.InvokeMethod(Object target, Object[] arguments, Signature sig, Boolean constructor)
   在 System.Reflection.RuntimeMethodInfo.UnsafeInvokeInternal(Object obj, Object[] parameters, Object[] arguments)
   在 System.Reflection.RuntimeMethodInfo.Invoke(Object obj, BindingFlags invokeAttr, Binder binder, Object[] parameters, CultureInfo culture)
   在 System.Reflection.MethodBase.Invoke(Object obj, Object[] parameters)
   在 DreamTek.WinService.NCSService.doProcess() 位置 C:\2020\projects\TAIWAY\0915\branches\Web\DreamTek.WinService\NCSService.cs:行号 157
2020-10-08 21:51:35:  【10/07】顯示要調用對方的 API URL:
2020-10-08 21:51:35:  开始执行jobDLL 名称 DreamTek.ExternalService.dll   AS/RS接口 类名称:DreamTek.ExternalService.NuoXin.SendASRSCommand  方法名称:Send
2020-10-08 21:51:35:  执行失败jobDLL 名称 DreamTek.ExternalService.dll     AS/RS接口 类名称:DreamTek.ExternalService.NuoXin.SendASRSCommand  方法名称:Send
2020-10-08 21:51:35:  System.Reflection.TargetInvocationException: 调用的目标发生了异常。 ---> System.IO.FileLoadException: 未能加载文件或程序集“Newtonsoft.Json, Version=12.0.0.0, Culture=neutral, PublicKeyToken=30ad4fe6b2a6aeed”或它的某一个依赖项。找到的程序集清单定义与程序集引用不匹配。 (异常来自 HRESULT:0x80131040)
   在 DreamTek.ExternalService.NuoXin.SendASRSCommand.Send()
   --- 内部异常堆栈跟踪的结尾 ---
   在 System.RuntimeMethodHandle.InvokeMethod(Object target, Object[] arguments, Signature sig, Boolean constructor)
   在 System.Reflection.RuntimeMethodInfo.UnsafeInvokeInternal(Object obj, Object[] parameters, Object[] arguments)
   在 System.Reflection.RuntimeMethodInfo.Invoke(Object obj, BindingFlags invokeAttr, Binder binder, Object[] parameters, CultureInfo culture)
   在 System.Reflection.MethodBase.Invoke(Object obj, Object[] parameters)
   在 DreamTek.WinService.NCSService.doProcess() 位置 C:\2020\projects\TAIWAY\0915\branches\Web\DreamTek.WinService\NCSService.cs:行号 157
2020-10-08 21:51:45:  【10/07】顯示要調用對方的 API URL:
2020-10-08 21:51:45:  开始执行jobDLL 名称 DreamTek.ExternalService.dll   AS/RS接口 类名称:DreamTek.ExternalService.NuoXin.SendASRSCommand  方法名称:Send
2020-10-08 21:51:45:  执行失败jobDLL 名称 DreamTek.ExternalService.dll     AS/RS接口 类名称:DreamTek.ExternalService.NuoXin.SendASRSCommand  方法名称:Send
2020-10-08 21:51:45:  System.Reflection.TargetInvocationException: 调用的目标发生了异常。 ---> System.IO.FileLoadException: 未能加载文件或程序集“Newtonsoft.Json, Version=12.0.0.0, Culture=neutral, PublicKeyToken=30ad4fe6b2a6aeed”或它的某一个依赖项。找到的程序集清单定义与程序集引用不匹配。 (异常来自 HRESULT:0x80131040)
   在 DreamTek.ExternalService.NuoXin.SendASRSCommand.Send()
   --- 内部异常堆栈跟踪的结尾 ---
   在 System.RuntimeMethodHandle.InvokeMethod(Object target, Object[] arguments, Signature sig, Boolean constructor)
   在 System.Reflection.RuntimeMethodInfo.UnsafeInvokeInternal(Object obj, Object[] parameters, Object[] arguments)
   在 System.Reflection.RuntimeMethodInfo.Invoke(Object obj, BindingFlags invokeAttr, Binder binder, Object[] parameters, CultureInfo culture)
   在 System.Reflection.MethodBase.Invoke(Object obj, Object[] parameters)
   在 DreamTek.WinService.NCSService.doProcess() 位置 C:\2020\projects\TAIWAY\0915\branches\Web\DreamTek.WinService\NCSService.cs:行号 157
2020-10-08 21:51:55:  【10/07】顯示要調用對方的 API URL:
2020-10-08 21:51:55:  开始执行jobDLL 名称 DreamTek.ExternalService.dll   AS/RS接口 类名称:DreamTek.ExternalService.NuoXin.SendASRSCommand  方法名称:Send
2020-10-08 21:51:55:  执行失败jobDLL 名称 DreamTek.ExternalService.dll     AS/RS接口 类名称:DreamTek.ExternalService.NuoXin.SendASRSCommand  方法名称:Send
2020-10-08 21:51:55:  System.Reflection.TargetInvocationException: 调用的目标发生了异常。 ---> System.IO.FileLoadException: 未能加载文件或程序集“Newtonsoft.Json, Version=12.0.0.0, Culture=neutral, PublicKeyToken=30ad4fe6b2a6aeed”或它的某一个依赖项。找到的程序集清单定义与程序集引用不匹配。 (异常来自 HRESULT:0x80131040)
   在 DreamTek.ExternalService.NuoXin.SendASRSCommand.Send()
   --- 内部异常堆栈跟踪的结尾 ---
   在 System.RuntimeMethodHandle.InvokeMethod(Object target, Object[] arguments, Signature sig, Boolean constructor)
   在 System.Reflection.RuntimeMethodInfo.UnsafeInvokeInternal(Object obj, Object[] parameters, Object[] arguments)
   在 System.Reflection.RuntimeMethodInfo.Invoke(Object obj, BindingFlags invokeAttr, Binder binder, Object[] parameters, CultureInfo culture)
   在 System.Reflection.MethodBase.Invoke(Object obj, Object[] parameters)
   在 DreamTek.WinService.NCSService.doProcess() 位置 C:\2020\projects\TAIWAY\0915\branches\Web\DreamTek.WinService\NCSService.cs:行号 157
2020-10-08 21:52:05:  【10/07】顯示要調用對方的 API URL:
2020-10-08 21:52:05:  开始执行jobDLL 名称 DreamTek.ExternalService.dll   AS/RS接口 类名称:DreamTek.ExternalService.NuoXin.SendASRSCommand  方法名称:Send
2020-10-08 21:52:05:  执行失败jobDLL 名称 DreamTek.ExternalService.dll     AS/RS接口 类名称:DreamTek.ExternalService.NuoXin.SendASRSCommand  方法名称:Send
2020-10-08 21:52:05:  System.Reflection.TargetInvocationException: 调用的目标发生了异常。 ---> System.IO.FileLoadException: 未能加载文件或程序集“Newtonsoft.Json, Version=12.0.0.0, Culture=neutral, PublicKeyToken=30ad4fe6b2a6aeed”或它的某一个依赖项。找到的程序集清单定义与程序集引用不匹配。 (异常来自 HRESULT:0x80131040)
   在 DreamTek.ExternalService.NuoXin.SendASRSCommand.Send()
   --- 内部异常堆栈跟踪的结尾 ---
   在 System.RuntimeMethodHandle.InvokeMethod(Object target, Object[] arguments, Signature sig, Boolean constructor)
   在 System.Reflection.RuntimeMethodInfo.UnsafeInvokeInternal(Object obj, Object[] parameters, Object[] arguments)
   在 System.Reflection.RuntimeMethodInfo.Invoke(Object obj, BindingFlags invokeAttr, Binder binder, Object[] parameters, CultureInfo culture)
   在 System.Reflection.MethodBase.Invoke(Object obj, Object[] parameters)
   在 DreamTek.WinService.NCSService.doProcess() 位置 C:\2020\projects\TAIWAY\0915\branches\Web\DreamTek.WinService\NCSService.cs:行号 157
